#
# There is insufficient memory for the Java Runtime Environment to continue.
# Native memory allocation (malloc) failed to allocate 32744 bytes for ChunkPool::allocate
# Possible reasons:
#   The system is out of physical RAM or swap space
#   The process is running with CompressedOops enabled, and the Java Heap may be blocking the growth of the native heap
# Possible solutions:
#   Reduce memory load on the system
#   Increase physical memory or swap space
#   Check if swap backing store is full
#   Decrease Java heap size (-Xmx/-Xms)
#   Decrease number of Java threads
#   Decrease Java thread stack sizes (-Xss)
#   Set larger code cache with -XX:ReservedCodeCacheSize=
#   JVM is running with Unscaled Compressed Oops mode in which the Java heap is
#     placed in the first 4GB address space. The Java Heap base address is the
#     maximum limit for the native heap growth. Please use -XX:HeapBaseMinAddress
#     to set the Java Heap base and to place the Java Heap above 4GB virtual address.
# This output file may be truncated or incomplete.
#
#  Out of Memory Error (./src/hotspot/share/memory/arena.cpp:81), pid=89876, tid=78396
#
# JRE version: OpenJDK Runtime Environment Microsoft-25199 (11.0.12+7) (build 11.0.12+7)
# Java VM: OpenJDK 64-Bit Server VM Microsoft-25199 (11.0.12+7, mixed mode, tiered, compressed oops, g1 gc, windows-amd64)
# No core dump will be written. Minidumps are not enabled by default on client versions of Windows
#

---------------  S U M M A R Y ------------

Command Line: -Dfile.encoding=utf8 c:\Users\TUSHAR JAIN\.vscode\extensions\vscjava.vscode-gradle-3.12.4\lib\gradle-language-server.jar

Host: Intel(R) Core(TM) i5-10210U CPU @ 1.60GHz, 8 cores, 7G,  Windows 10 , 64 bit Build 22000 (10.0.22000.708)
Time: Mon Sep 19 19:21:15 2022 India Standard Time elapsed time: 3.167191 seconds (0d 0h 0m 3s)

---------------  T H R E A D  ---------------

Current thread (0x0000026c1173a000):  JavaThread "C2 CompilerThread0" daemon [_thread_in_native, id=78396, stack(0x0000008a4a600000,0x0000008a4a700000)]


Current CompileTask:
C2:   3167  297   !   4       java.util.jar.Attributes::read (390 bytes)

Stack: [0x0000008a4a600000,0x0000008a4a700000]
Native frames: (J=compiled Java code, j=interpreted, Vv=VM code, C=native code)
V  [jvm.dll+0x6090fa]
V  [jvm.dll+0x79229e]
V  [jvm.dll+0x79396f]
V  [jvm.dll+0x794033]
V  [jvm.dll+0x24bed8]
V  [jvm.dll+0xc23fb]
V  [jvm.dll+0xc275c]
V  [jvm.dll+0xc22ab]
V  [jvm.dll+0x5e6f6f]
V  [jvm.dll+0x639e74]
V  [jvm.dll+0x19de3d]
V  [jvm.dll+0x205692]
V  [jvm.dll+0x20476d]
V  [jvm.dll+0x18996c]
V  [jvm.dll+0x213dd7]
V  [jvm.dll+0x211f9b]
V  [jvm.dll+0x7563a9]
V  [jvm.dll+0x74f414]
V  [jvm.dll+0x607f56]
C  [ucrtbase.dll+0x26c0c]
C  [KERNEL32.DLL+0x154e0]
C  [ntdll.dll+0x485b]


---------------  P R O C E S S  ---------------

Threads class SMR info:
_java_thread_list=0x0000026c121e5450, length=10, elements={
0x0000026c7279b800, 0x0000026c11725800, 0x0000026c11726800, 0x0000026c12093000,
0x0000026c11736800, 0x0000026c11739000, 0x0000026c1173a000, 0x0000026c1173e000,
0x0000026c11743800, 0x0000026c121f4000
}

Java Threads: ( => current thread )
  0x0000026c7279b800 JavaThread "main" [_thread_in_native, id=87360, stack(0x0000008a49a00000,0x0000008a49b00000)]
  0x0000026c11725800 JavaThread "Reference Handler" daemon [_thread_blocked, id=79452, stack(0x0000008a4a100000,0x0000008a4a200000)]
  0x0000026c11726800 JavaThread "Finalizer" daemon [_thread_blocked, id=89420, stack(0x0000008a4a200000,0x0000008a4a300000)]
  0x0000026c12093000 JavaThread "Signal Dispatcher" daemon [_thread_blocked, id=79484, stack(0x0000008a4a300000,0x0000008a4a400000)]
  0x0000026c11736800 JavaThread "Attach Listener" daemon [_thread_blocked, id=79224, stack(0x0000008a4a400000,0x0000008a4a500000)]
  0x0000026c11739000 JavaThread "Service Thread" daemon [_thread_blocked, id=76972, stack(0x0000008a4a500000,0x0000008a4a600000)]
=>0x0000026c1173a000 JavaThread "C2 CompilerThread0" daemon [_thread_in_native, id=78396, stack(0x0000008a4a600000,0x0000008a4a700000)]
  0x0000026c1173e000 JavaThread "C1 CompilerThread0" daemon [_thread_blocked, id=77168, stack(0x0000008a4a700000,0x0000008a4a800000)]
  0x0000026c11743800 JavaThread "Sweeper thread" daemon [_thread_blocked, id=82668, stack(0x0000008a4a800000,0x0000008a4a900000)]
  0x0000026c121f4000 JavaThread "Common-Cleaner" daemon [_thread_blocked, id=88464, stack(0x0000008a4aa00000,0x0000008a4ab00000)]

Other Threads:
  0x0000026c116f2000 VMThread "VM Thread" [stack: 0x0000008a4a000000,0x0000008a4a100000] [id=84620]
  0x0000026c121ee000 WatcherThread [stack: 0x0000008a4a900000,0x0000008a4aa00000] [id=61612]
  0x0000026c727b2000 GCTaskThread "GC Thread#0" [stack: 0x0000008a49b00000,0x0000008a49c00000] [id=85808]
  0x0000026c727e4000 ConcurrentGCThread "G1 Main Marker" [stack: 0x0000008a49c00000,0x0000008a49d00000] [id=84316]
  0x0000026c727e6000 ConcurrentGCThread "G1 Conc#0" [stack: 0x0000008a49d00000,0x0000008a49e00000] [id=76236]
  0x0000026c11560800 ConcurrentGCThread "G1 Refine#0" [stack: 0x0000008a49e00000,0x0000008a49f00000] [id=90156]
  0x0000026c11561800 ConcurrentGCThread "G1 Young RemSet Sampling" [stack: 0x0000008a49f00000,0x0000008a4a000000] [id=91492]

Threads with active compile tasks:
C2 CompilerThread0   3273  297   !   4       java.util.jar.Attributes::read (390 bytes)

VM state:not at safepoint (normal execution)

VM Mutex/Monitor currently owned by a thread: None

Heap address: 0x0000000082800000, size: 2008 MB, Compressed Oops mode: 32-bit
Narrow klass base: 0x0000000000000000, Narrow klass shift: 3
Compressed class space size: 1073741824 Address: 0x0000000100000000

Heap:
 garbage-first heap   total 129024K, used 6144K [0x0000000082800000, 0x0000000100000000)
  region size 1024K, 6 young (6144K), 0 survivors (0K)
 Metaspace       used 8015K, capacity 8116K, committed 8192K, reserved 1056768K
  class space    used 692K, capacity 724K, committed 768K, reserved 1048576K
Heap Regions: E=young(eden), S=young(survivor), O=old, HS=humongous(starts), HC=humongous(continues), CS=collection set, F=free, A=archive, TAMS=top-at-mark-start (previous, next)
|   0|0x0000000082800000, 0x0000000082900000, 0x0000000082900000|100%|HS|  |TAMS 0x0000000082800000, 0x0000000082800000| Complete 
|   1|0x0000000082900000, 0x0000000082900000, 0x0000000082a00000|  0%| F|  |TAMS 0x0000000082900000, 0x0000000082900000| Untracked 
|   2|0x0000000082a00000, 0x0000000082a00000, 0x0000000082b00000|  0%| F|  |TAMS 0x0000000082a00000, 0x0000000082a00000| Untracked 
|   3|0x0000000082b00000, 0x0000000082b00000, 0x0000000082c00000|  0%| F|  |TAMS 0x0000000082b00000, 0x0000000082b00000| Untracked 
|   4|0x0000000082c00000, 0x0000000082c00000, 0x0000000082d00000|  0%| F|  |TAMS 0x0000000082c00000, 0x0000000082c00000| Untracked 
|   5|0x0000000082d00000, 0x0000000082d00000, 0x0000000082e00000|  0%| F|  |TAMS 0x0000000082d00000, 0x0000000082d00000| Untracked 
|   6|0x0000000082e00000, 0x0000000082e00000, 0x0000000082f00000|  0%| F|  |TAMS 0x0000000082e00000, 0x0000000082e00000| Untracked 
|   7|0x0000000082f00000, 0x0000000082f00000, 0x0000000083000000|  0%| F|  |TAMS 0x0000000082f00000, 0x0000000082f00000| Untracked 
|   8|0x0000000083000000, 0x0000000083000000, 0x0000000083100000|  0%| F|  |TAMS 0x0000000083000000, 0x0000000083000000| Untracked 
|   9|0x0000000083100000, 0x0000000083100000, 0x0000000083200000|  0%| F|  |TAMS 0x0000000083100000, 0x0000000083100000| Untracked 
|  10|0x0000000083200000, 0x0000000083200000, 0x0000000083300000|  0%| F|  |TAMS 0x0000000083200000, 0x0000000083200000| Untracked 
|  11|0x0000000083300000, 0x0000000083300000, 0x0000000083400000|  0%| F|  |TAMS 0x0000000083300000, 0x0000000083300000| Untracked 
|  12|0x0000000083400000, 0x0000000083400000, 0x0000000083500000|  0%| F|  |TAMS 0x0000000083400000, 0x0000000083400000| Untracked 
|  13|0x0000000083500000, 0x0000000083500000, 0x0000000083600000|  0%| F|  |TAMS 0x0000000083500000, 0x0000000083500000| Untracked 
|  14|0x0000000083600000, 0x0000000083600000, 0x0000000083700000|  0%| F|  |TAMS 0x0000000083600000, 0x0000000083600000| Untracked 
|  15|0x0000000083700000, 0x0000000083700000, 0x0000000083800000|  0%| F|  |TAMS 0x0000000083700000, 0x0000000083700000| Untracked 
|  16|0x0000000083800000, 0x0000000083800000, 0x0000000083900000|  0%| F|  |TAMS 0x0000000083800000, 0x0000000083800000| Untracked 
|  17|0x0000000083900000, 0x0000000083900000, 0x0000000083a00000|  0%| F|  |TAMS 0x0000000083900000, 0x0000000083900000| Untracked 
|  18|0x0000000083a00000, 0x0000000083a00000, 0x0000000083b00000|  0%| F|  |TAMS 0x0000000083a00000, 0x0000000083a00000| Untracked 
|  19|0x0000000083b00000, 0x0000000083b00000, 0x0000000083c00000|  0%| F|  |TAMS 0x0000000083b00000, 0x0000000083b00000| Untracked 
|  20|0x0000000083c00000, 0x0000000083c00000, 0x0000000083d00000|  0%| F|  |TAMS 0x0000000083c00000, 0x0000000083c00000| Untracked 
|  21|0x0000000083d00000, 0x0000000083d00000, 0x0000000083e00000|  0%| F|  |TAMS 0x0000000083d00000, 0x0000000083d00000| Untracked 
|  22|0x0000000083e00000, 0x0000000083e00000, 0x0000000083f00000|  0%| F|  |TAMS 0x0000000083e00000, 0x0000000083e00000| Untracked 
|  23|0x0000000083f00000, 0x0000000083f00000, 0x0000000084000000|  0%| F|  |TAMS 0x0000000083f00000, 0x0000000083f00000| Untracked 
|  24|0x0000000084000000, 0x0000000084000000, 0x0000000084100000|  0%| F|  |TAMS 0x0000000084000000, 0x0000000084000000| Untracked 
|  25|0x0000000084100000, 0x0000000084100000, 0x0000000084200000|  0%| F|  |TAMS 0x0000000084100000, 0x0000000084100000| Untracked 
|  26|0x0000000084200000, 0x0000000084200000, 0x0000000084300000|  0%| F|  |TAMS 0x0000000084200000, 0x0000000084200000| Untracked 
|  27|0x0000000084300000, 0x0000000084300000, 0x0000000084400000|  0%| F|  |TAMS 0x0000000084300000, 0x0000000084300000| Untracked 
|  28|0x0000000084400000, 0x0000000084400000, 0x0000000084500000|  0%| F|  |TAMS 0x0000000084400000, 0x0000000084400000| Untracked 
|  29|0x0000000084500000, 0x0000000084500000, 0x0000000084600000|  0%| F|  |TAMS 0x0000000084500000, 0x0000000084500000| Untracked 
|  30|0x0000000084600000, 0x0000000084600000, 0x0000000084700000|  0%| F|  |TAMS 0x0000000084600000, 0x0000000084600000| Untracked 
|  31|0x0000000084700000, 0x0000000084700000, 0x0000000084800000|  0%| F|  |TAMS 0x0000000084700000, 0x0000000084700000| Untracked 
|  32|0x0000000084800000, 0x0000000084800000, 0x0000000084900000|  0%| F|  |TAMS 0x0000000084800000, 0x0000000084800000| Untracked 
|  33|0x0000000084900000, 0x0000000084900000, 0x0000000084a00000|  0%| F|  |TAMS 0x0000000084900000, 0x0000000084900000| Untracked 
|  34|0x0000000084a00000, 0x0000000084a00000, 0x0000000084b00000|  0%| F|  |TAMS 0x0000000084a00000, 0x0000000084a00000| Untracked 
|  35|0x0000000084b00000, 0x0000000084b00000, 0x0000000084c00000|  0%| F|  |TAMS 0x0000000084b00000, 0x0000000084b00000| Untracked 
|  36|0x0000000084c00000, 0x0000000084c00000, 0x0000000084d00000|  0%| F|  |TAMS 0x0000000084c00000, 0x0000000084c00000| Untracked 
|  37|0x0000000084d00000, 0x0000000084d00000, 0x0000000084e00000|  0%| F|  |TAMS 0x0000000084d00000, 0x0000000084d00000| Untracked 
|  38|0x0000000084e00000, 0x0000000084e00000, 0x0000000084f00000|  0%| F|  |TAMS 0x0000000084e00000, 0x0000000084e00000| Untracked 
|  39|0x0000000084f00000, 0x0000000084f00000, 0x0000000085000000|  0%| F|  |TAMS 0x0000000084f00000, 0x0000000084f00000| Untracked 
|  40|0x0000000085000000, 0x0000000085000000, 0x0000000085100000|  0%| F|  |TAMS 0x0000000085000000, 0x0000000085000000| Untracked 
|  41|0x0000000085100000, 0x0000000085100000, 0x0000000085200000|  0%| F|  |TAMS 0x0000000085100000, 0x0000000085100000| Untracked 
|  42|0x0000000085200000, 0x0000000085200000, 0x0000000085300000|  0%| F|  |TAMS 0x0000000085200000, 0x0000000085200000| Untracked 
|  43|0x0000000085300000, 0x0000000085300000, 0x0000000085400000|  0%| F|  |TAMS 0x0000000085300000, 0x0000000085300000| Untracked 
|  44|0x0000000085400000, 0x0000000085400000, 0x0000000085500000|  0%| F|  |TAMS 0x0000000085400000, 0x0000000085400000| Untracked 
|  45|0x0000000085500000, 0x0000000085500000, 0x0000000085600000|  0%| F|  |TAMS 0x0000000085500000, 0x0000000085500000| Untracked 
|  46|0x0000000085600000, 0x0000000085600000, 0x0000000085700000|  0%| F|  |TAMS 0x0000000085600000, 0x0000000085600000| Untracked 
|  47|0x0000000085700000, 0x0000000085700000, 0x0000000085800000|  0%| F|  |TAMS 0x0000000085700000, 0x0000000085700000| Untracked 
|  48|0x0000000085800000, 0x0000000085800000, 0x0000000085900000|  0%| F|  |TAMS 0x0000000085800000, 0x0000000085800000| Untracked 
|  49|0x0000000085900000, 0x0000000085900000, 0x0000000085a00000|  0%| F|  |TAMS 0x0000000085900000, 0x0000000085900000| Untracked 
|  50|0x0000000085a00000, 0x0000000085a00000, 0x0000000085b00000|  0%| F|  |TAMS 0x0000000085a00000, 0x0000000085a00000| Untracked 
|  51|0x0000000085b00000, 0x0000000085b00000, 0x0000000085c00000|  0%| F|  |TAMS 0x0000000085b00000, 0x0000000085b00000| Untracked 
|  52|0x0000000085c00000, 0x0000000085c00000, 0x0000000085d00000|  0%| F|  |TAMS 0x0000000085c00000, 0x0000000085c00000| Untracked 
|  53|0x0000000085d00000, 0x0000000085d00000, 0x0000000085e00000|  0%| F|  |TAMS 0x0000000085d00000, 0x0000000085d00000| Untracked 
|  54|0x0000000085e00000, 0x0000000085e00000, 0x0000000085f00000|  0%| F|  |TAMS 0x0000000085e00000, 0x0000000085e00000| Untracked 
|  55|0x0000000085f00000, 0x0000000085f00000, 0x0000000086000000|  0%| F|  |TAMS 0x0000000085f00000, 0x0000000085f00000| Untracked 
|  56|0x0000000086000000, 0x0000000086000000, 0x0000000086100000|  0%| F|  |TAMS 0x0000000086000000, 0x0000000086000000| Untracked 
|  57|0x0000000086100000, 0x0000000086100000, 0x0000000086200000|  0%| F|  |TAMS 0x0000000086100000, 0x0000000086100000| Untracked 
|  58|0x0000000086200000, 0x0000000086200000, 0x0000000086300000|  0%| F|  |TAMS 0x0000000086200000, 0x0000000086200000| Untracked 
|  59|0x0000000086300000, 0x0000000086300000, 0x0000000086400000|  0%| F|  |TAMS 0x0000000086300000, 0x0000000086300000| Untracked 
|  60|0x0000000086400000, 0x0000000086400000, 0x0000000086500000|  0%| F|  |TAMS 0x0000000086400000, 0x0000000086400000| Untracked 
|  61|0x0000000086500000, 0x0000000086500000, 0x0000000086600000|  0%| F|  |TAMS 0x0000000086500000, 0x0000000086500000| Untracked 
|  62|0x0000000086600000, 0x0000000086600000, 0x0000000086700000|  0%| F|  |TAMS 0x0000000086600000, 0x0000000086600000| Untracked 
|  63|0x0000000086700000, 0x0000000086700000, 0x0000000086800000|  0%| F|  |TAMS 0x0000000086700000, 0x0000000086700000| Untracked 
|  64|0x0000000086800000, 0x0000000086800000, 0x0000000086900000|  0%| F|  |TAMS 0x0000000086800000, 0x0000000086800000| Untracked 
|  65|0x0000000086900000, 0x0000000086900000, 0x0000000086a00000|  0%| F|  |TAMS 0x0000000086900000, 0x0000000086900000| Untracked 
|  66|0x0000000086a00000, 0x0000000086a00000, 0x0000000086b00000|  0%| F|  |TAMS 0x0000000086a00000, 0x0000000086a00000| Untracked 
|  67|0x0000000086b00000, 0x0000000086b00000, 0x0000000086c00000|  0%| F|  |TAMS 0x0000000086b00000, 0x0000000086b00000| Untracked 
|  68|0x0000000086c00000, 0x0000000086c00000, 0x0000000086d00000|  0%| F|  |TAMS 0x0000000086c00000, 0x0000000086c00000| Untracked 
|  69|0x0000000086d00000, 0x0000000086d00000, 0x0000000086e00000|  0%| F|  |TAMS 0x0000000086d00000, 0x0000000086d00000| Untracked 
|  70|0x0000000086e00000, 0x0000000086e00000, 0x0000000086f00000|  0%| F|  |TAMS 0x0000000086e00000, 0x0000000086e00000| Untracked 
|  71|0x0000000086f00000, 0x0000000086f00000, 0x0000000087000000|  0%| F|  |TAMS 0x0000000086f00000, 0x0000000086f00000| Untracked 
|  72|0x0000000087000000, 0x0000000087000000, 0x0000000087100000|  0%| F|  |TAMS 0x0000000087000000, 0x0000000087000000| Untracked 
|  73|0x0000000087100000, 0x0000000087100000, 0x0000000087200000|  0%| F|  |TAMS 0x0000000087100000, 0x0000000087100000| Untracked 
|  74|0x0000000087200000, 0x0000000087200000, 0x0000000087300000|  0%| F|  |TAMS 0x0000000087200000, 0x0000000087200000| Untracked 
|  75|0x0000000087300000, 0x0000000087300000, 0x0000000087400000|  0%| F|  |TAMS 0x0000000087300000, 0x0000000087300000| Untracked 
|  76|0x0000000087400000, 0x0000000087400000, 0x0000000087500000|  0%| F|  |TAMS 0x0000000087400000, 0x0000000087400000| Untracked 
|  77|0x0000000087500000, 0x0000000087500000, 0x0000000087600000|  0%| F|  |TAMS 0x0000000087500000, 0x0000000087500000| Untracked 
|  78|0x0000000087600000, 0x0000000087600000, 0x0000000087700000|  0%| F|  |TAMS 0x0000000087600000, 0x0000000087600000| Untracked 
|  79|0x0000000087700000, 0x0000000087700000, 0x0000000087800000|  0%| F|  |TAMS 0x0000000087700000, 0x0000000087700000| Untracked 
|  80|0x0000000087800000, 0x0000000087800000, 0x0000000087900000|  0%| F|  |TAMS 0x0000000087800000, 0x0000000087800000| Untracked 
|  81|0x0000000087900000, 0x0000000087900000, 0x0000000087a00000|  0%| F|  |TAMS 0x0000000087900000, 0x0000000087900000| Untracked 
|  82|0x0000000087a00000, 0x0000000087a00000, 0x0000000087b00000|  0%| F|  |TAMS 0x0000000087a00000, 0x0000000087a00000| Untracked 
|  83|0x0000000087b00000, 0x0000000087b00000, 0x0000000087c00000|  0%| F|  |TAMS 0x0000000087b00000, 0x0000000087b00000| Untracked 
|  84|0x0000000087c00000, 0x0000000087c00000, 0x0000000087d00000|  0%| F|  |TAMS 0x0000000087c00000, 0x0000000087c00000| Untracked 
|  85|0x0000000087d00000, 0x0000000087d00000, 0x0000000087e00000|  0%| F|  |TAMS 0x0000000087d00000, 0x0000000087d00000| Untracked 
|  86|0x0000000087e00000, 0x0000000087e00000, 0x0000000087f00000|  0%| F|  |TAMS 0x0000000087e00000, 0x0000000087e00000| Untracked 
|  87|0x0000000087f00000, 0x0000000087f00000, 0x0000000088000000|  0%| F|  |TAMS 0x0000000087f00000, 0x0000000087f00000| Untracked 
|  88|0x0000000088000000, 0x0000000088000000, 0x0000000088100000|  0%| F|  |TAMS 0x0000000088000000, 0x0000000088000000| Untracked 
|  89|0x0000000088100000, 0x0000000088100000, 0x0000000088200000|  0%| F|  |TAMS 0x0000000088100000, 0x0000000088100000| Untracked 
|  90|0x0000000088200000, 0x0000000088200000, 0x0000000088300000|  0%| F|  |TAMS 0x0000000088200000, 0x0000000088200000| Untracked 
|  91|0x0000000088300000, 0x0000000088300000, 0x0000000088400000|  0%| F|  |TAMS 0x0000000088300000, 0x0000000088300000| Untracked 
|  92|0x0000000088400000, 0x0000000088400000, 0x0000000088500000|  0%| F|  |TAMS 0x0000000088400000, 0x0000000088400000| Untracked 
|  93|0x0000000088500000, 0x0000000088500000, 0x0000000088600000|  0%| F|  |TAMS 0x0000000088500000, 0x0000000088500000| Untracked 
|  94|0x0000000088600000, 0x0000000088600000, 0x0000000088700000|  0%| F|  |TAMS 0x0000000088600000, 0x0000000088600000| Untracked 
|  95|0x0000000088700000, 0x0000000088700000, 0x0000000088800000|  0%| F|  |TAMS 0x0000000088700000, 0x0000000088700000| Untracked 
|  96|0x0000000088800000, 0x0000000088800000, 0x0000000088900000|  0%| F|  |TAMS 0x0000000088800000, 0x0000000088800000| Untracked 
|  97|0x0000000088900000, 0x0000000088900000, 0x0000000088a00000|  0%| F|  |TAMS 0x0000000088900000, 0x0000000088900000| Untracked 
|  98|0x0000000088a00000, 0x0000000088a00000, 0x0000000088b00000|  0%| F|  |TAMS 0x0000000088a00000, 0x0000000088a00000| Untracked 
|  99|0x0000000088b00000, 0x0000000088b00000, 0x0000000088c00000|  0%| F|  |TAMS 0x0000000088b00000, 0x0000000088b00000| Untracked 
| 100|0x0000000088c00000, 0x0000000088c00000, 0x0000000088d00000|  0%| F|  |TAMS 0x0000000088c00000, 0x0000000088c00000| Untracked 
| 101|0x0000000088d00000, 0x0000000088d00000, 0x0000000088e00000|  0%| F|  |TAMS 0x0000000088d00000, 0x0000000088d00000| Untracked 
| 102|0x0000000088e00000, 0x0000000088e00000, 0x0000000088f00000|  0%| F|  |TAMS 0x0000000088e00000, 0x0000000088e00000| Untracked 
| 103|0x0000000088f00000, 0x0000000088f00000, 0x0000000089000000|  0%| F|  |TAMS 0x0000000088f00000, 0x0000000088f00000| Untracked 
| 104|0x0000000089000000, 0x0000000089000000, 0x0000000089100000|  0%| F|  |TAMS 0x0000000089000000, 0x0000000089000000| Untracked 
| 105|0x0000000089100000, 0x0000000089100000, 0x0000000089200000|  0%| F|  |TAMS 0x0000000089100000, 0x0000000089100000| Untracked 
| 106|0x0000000089200000, 0x0000000089200000, 0x0000000089300000|  0%| F|  |TAMS 0x0000000089200000, 0x0000000089200000| Untracked 
| 107|0x0000000089300000, 0x0000000089300000, 0x0000000089400000|  0%| F|  |TAMS 0x0000000089300000, 0x0000000089300000| Untracked 
| 108|0x0000000089400000, 0x0000000089400000, 0x0000000089500000|  0%| F|  |TAMS 0x0000000089400000, 0x0000000089400000| Untracked 
| 109|0x0000000089500000, 0x0000000089500000, 0x0000000089600000|  0%| F|  |TAMS 0x0000000089500000, 0x0000000089500000| Untracked 
| 110|0x0000000089600000, 0x0000000089600000, 0x0000000089700000|  0%| F|  |TAMS 0x0000000089600000, 0x0000000089600000| Untracked 
| 111|0x0000000089700000, 0x0000000089700000, 0x0000000089800000|  0%| F|  |TAMS 0x0000000089700000, 0x0000000089700000| Untracked 
| 112|0x0000000089800000, 0x0000000089800000, 0x0000000089900000|  0%| F|  |TAMS 0x0000000089800000, 0x0000000089800000| Untracked 
| 113|0x0000000089900000, 0x0000000089900000, 0x0000000089a00000|  0%| F|  |TAMS 0x0000000089900000, 0x0000000089900000| Untracked 
| 114|0x0000000089a00000, 0x0000000089a00000, 0x0000000089b00000|  0%| F|  |TAMS 0x0000000089a00000, 0x0000000089a00000| Untracked 
| 115|0x0000000089b00000, 0x0000000089b00000, 0x0000000089c00000|  0%| F|  |TAMS 0x0000000089b00000, 0x0000000089b00000| Untracked 
| 116|0x0000000089c00000, 0x0000000089c00000, 0x0000000089d00000|  0%| F|  |TAMS 0x0000000089c00000, 0x0000000089c00000| Untracked 
| 117|0x0000000089d00000, 0x0000000089d00000, 0x0000000089e00000|  0%| F|  |TAMS 0x0000000089d00000, 0x0000000089d00000| Untracked 
| 118|0x0000000089e00000, 0x0000000089e00000, 0x0000000089f00000|  0%| F|  |TAMS 0x0000000089e00000, 0x0000000089e00000| Untracked 
| 119|0x0000000089f00000, 0x0000000089f00000, 0x000000008a000000|  0%| F|  |TAMS 0x0000000089f00000, 0x0000000089f00000| Untracked 
| 120|0x000000008a000000, 0x000000008a07bac8, 0x000000008a100000| 48%| E|  |TAMS 0x000000008a000000, 0x000000008a000000| Complete 
| 121|0x000000008a100000, 0x000000008a200000, 0x000000008a200000|100%| E|CS|TAMS 0x000000008a100000, 0x000000008a100000| Complete 
| 122|0x000000008a200000, 0x000000008a300000, 0x000000008a300000|100%| E|CS|TAMS 0x000000008a200000, 0x000000008a200000| Complete 
| 123|0x000000008a300000, 0x000000008a400000, 0x000000008a400000|100%| E|CS|TAMS 0x000000008a300000, 0x000000008a300000| Complete 
| 124|0x000000008a400000, 0x000000008a500000, 0x000000008a500000|100%| E|CS|TAMS 0x000000008a400000, 0x000000008a400000| Complete 
| 125|0x000000008a500000, 0x000000008a600000, 0x000000008a600000|100%| E|CS|TAMS 0x000000008a500000, 0x000000008a500000| Complete 

Card table byte_map: [0x0000026c7b5e0000,0x0000026c7b9d0000] _byte_map_base: 0x0000026c7b1cc000

Marking Bits (Prev, Next): (CMBitMap*) 0x0000026c727db268, (CMBitMap*) 0x0000026c727db2a0
 Prev Bits: [0x0000026c7bdc0000, 0x0000026c7dd20000)
 Next Bits: [0x0000026c7dd20000, 0x0000026c7fc80000)

Polling page: 0x0000026c705b0000

Metaspace:

Usage:
  Non-class:      7.22 MB capacity,     7.15 MB (>99%) used,    64.58 KB ( <1%) free+waste,     4.13 KB ( <1%) overhead. 
      Class:    724.00 KB capacity,   692.02 KB ( 96%) used,    30.55 KB (  4%) free+waste,     1.44 KB ( <1%) overhead. 
       Both:      7.93 MB capacity,     7.83 MB ( 99%) used,    95.13 KB (  1%) free+waste,     5.56 KB ( <1%) overhead. 

Virtual space:
  Non-class space:        8.00 MB reserved,       7.25 MB ( 91%) committed 
      Class space:        1.00 GB reserved,     768.00 KB ( <1%) committed 
             Both:        1.01 GB reserved,       8.00 MB ( <1%) committed 

Chunk freelists:
   Non-Class:  32.00 KB
       Class:  12.00 KB
        Both:  44.00 KB

MaxMetaspaceSize: 17179869184.00 GB
CompressedClassSpaceSize: 1.00 GB
Initial GC threshold: 20.80 MB
Current GC threshold: 20.80 MB
CDS: off

CodeHeap 'non-profiled nmethods': size=120000Kb used=81Kb max_used=81Kb free=119918Kb
 bounds [0x0000026c07ad0000, 0x0000026c07d40000, 0x0000026c0f000000]
CodeHeap 'profiled nmethods': size=120000Kb used=608Kb max_used=608Kb free=119391Kb
 bounds [0x0000026c005a0000, 0x0000026c00810000, 0x0000026c07ad0000]
CodeHeap 'non-nmethods': size=5760Kb used=1109Kb max_used=1117Kb free=4650Kb
 bounds [0x0000026c00000000, 0x0000026c00270000, 0x0000026c005a0000]
 total_blobs=716 nmethods=367 adapters=262
 compilation: enabled
              stopped_count=0, restarted_count=0
 full_count=0

Compilation events (20 events):
Event: 3.092 Thread 0x0000026c1173e000  367       3       java.util.ArrayList::elementData (7 bytes)
Event: 3.092 Thread 0x0000026c1173e000 nmethod 367 0x0000026c00635610 code [0x0000026c006357c0, 0x0000026c006358f8]
Event: 3.092 Thread 0x0000026c1173e000  370       3       sun.security.util.SignatureFileVerifier::matches (93 bytes)
Event: 3.094 Thread 0x0000026c1173e000 nmethod 370 0x0000026c00635a10 code [0x0000026c00635cc0, 0x0000026c00636bb8]
Event: 3.094 Thread 0x0000026c1173e000  373       1       java.security.Provider$Service::getType (5 bytes)
Event: 3.094 Thread 0x0000026c1173e000 nmethod 373 0x0000026c07ae3910 code [0x0000026c07ae3ac0, 0x0000026c07ae3b78]
Event: 3.094 Thread 0x0000026c1173e000  374       1       java.security.Provider$Service::getAlgorithm (5 bytes)
Event: 3.094 Thread 0x0000026c1173e000 nmethod 374 0x0000026c07ae3c10 code [0x0000026c07ae3dc0, 0x0000026c07ae3e78]
Event: 3.094 Thread 0x0000026c1173e000  375       1       java.security.Provider$Service::getAliases (5 bytes)
Event: 3.094 Thread 0x0000026c1173e000 nmethod 375 0x0000026c07ae3f10 code [0x0000026c07ae40c0, 0x0000026c07ae4178]
Event: 3.095 Thread 0x0000026c1173e000  371       1       java.util.HashMap$Node::getValue (5 bytes)
Event: 3.095 Thread 0x0000026c1173e000 nmethod 371 0x0000026c07ae4210 code [0x0000026c07ae43c0, 0x0000026c07ae4478]
Event: 3.095 Thread 0x0000026c1173e000  372       3       java.util.Arrays::copyOf (10 bytes)
Event: 3.095 Thread 0x0000026c1173e000 nmethod 372 0x0000026c00637210 code [0x0000026c006373c0, 0x0000026c006374e8]
Event: 3.096 Thread 0x0000026c1173e000  376       3       java.lang.Character::toUpperCase (6 bytes)
Event: 3.096 Thread 0x0000026c1173e000 nmethod 376 0x0000026c00637590 code [0x0000026c00637760, 0x0000026c00637998]
Event: 3.096 Thread 0x0000026c1173e000  377       3       java.lang.Character::toUpperCase (9 bytes)
Event: 3.096 Thread 0x0000026c1173e000 nmethod 377 0x0000026c00637a90 code [0x0000026c00637c60, 0x0000026c00637e38]
Event: 3.108 Thread 0x0000026c1173e000  378       3       java.lang.String::isEmpty (14 bytes)
Event: 3.108 Thread 0x0000026c1173e000 nmethod 378 0x0000026c00637f10 code [0x0000026c006380c0, 0x0000026c00638218]

GC Heap History (0 events):
No events

Deoptimization events (12 events):
Event: 2.027 Thread 0x0000026c7279b800 Uncommon trap: trap_request=0xffffff4d fr.pc=0x0000026c07ad427c relative=0x00000000000001dc
Event: 2.027 Thread 0x0000026c7279b800 Uncommon trap: reason=unstable_if action=reinterpret pc=0x0000026c07ad427c method=java.lang.String.hashCode()I @ 14 c2
Event: 2.027 Thread 0x0000026c7279b800 DEOPT PACKING pc=0x0000026c07ad427c sp=0x0000008a49afdf40
Event: 2.027 Thread 0x0000026c7279b800 DEOPT UNPACKING pc=0x0000026c0004a1af sp=0x0000008a49afded8 mode 2
Event: 2.314 Thread 0x0000026c7279b800 DEOPT PACKING pc=0x0000026c005d7fc5 sp=0x0000008a49afc2f0
Event: 2.314 Thread 0x0000026c7279b800 DEOPT UNPACKING pc=0x0000026c0004a95e sp=0x0000008a49afb750 mode 0
Event: 2.317 Thread 0x0000026c7279b800 DEOPT PACKING pc=0x0000026c005ca850 sp=0x0000008a49afc2c0
Event: 2.317 Thread 0x0000026c7279b800 DEOPT UNPACKING pc=0x0000026c0004a95e sp=0x0000008a49afb748 mode 0
Event: 2.320 Thread 0x0000026c7279b800 DEOPT PACKING pc=0x0000026c005ca850 sp=0x0000008a49afc2c0
Event: 2.320 Thread 0x0000026c7279b800 DEOPT UNPACKING pc=0x0000026c0004a95e sp=0x0000008a49afb748 mode 0
Event: 2.323 Thread 0x0000026c7279b800 DEOPT PACKING pc=0x0000026c005ca850 sp=0x0000008a49afc2c0
Event: 2.323 Thread 0x0000026c7279b800 DEOPT UNPACKING pc=0x0000026c0004a95e sp=0x0000008a49afb748 mode 0

Classes redefined (0 events):
No events

Internal exceptions (0 events):
No events

Events (20 events):
Event: 3.079 loading class java/util/Base64
Event: 3.080 loading class java/util/Base64 done
Event: 3.080 loading class java/util/Base64$Decoder
Event: 3.080 loading class java/util/Base64$Decoder done
Event: 3.080 loading class java/util/Base64$Encoder
Event: 3.081 loading class java/util/Base64$Encoder done
Event: 3.085 loading class java/util/jar/JarVerifier$VerifierStream
Event: 3.087 loading class java/util/jar/JarVerifier$VerifierStream done
Event: 3.087 loading class sun/security/util/ManifestEntryVerifier$SunProviderHolder
Event: 3.087 loading class sun/security/util/ManifestEntryVerifier$SunProviderHolder done
Event: 3.096 loading class org/eclipse/lsp4j/services/LanguageClientAware
Event: 3.096 loading class org/eclipse/lsp4j/services/LanguageClientAware done
Event: 3.103 loading class java/lang/UnsupportedOperationException
Event: 3.104 loading class java/lang/UnsupportedOperationException done
Event: 3.105 loading class org/eclipse/lsp4j/services/TextDocumentService
Event: 3.105 loading class org/eclipse/lsp4j/services/TextDocumentService done
Event: 3.108 loading class org/eclipse/lsp4j/services/WorkspaceService
Event: 3.108 loading class org/eclipse/lsp4j/services/WorkspaceService done
Event: 3.109 loading class java/util/concurrent/CompletableFuture
Event: 3.112 loading class java/util/concurrent/Future


Dynamic libraries:
0x00007ff60e230000 - 0x00007ff60e23d000 	C:\Program Files\Microsoft\jdk-11.0.12.7-hotspot\bin\java.exe
0x00007ffa68000000 - 0x00007ffa68209000 	C:\WINDOWS\SYSTEM32\ntdll.dll
0x00007ffa66e00000 - 0x00007ffa66ebd000 	C:\WINDOWS\System32\KERNEL32.DLL
0x00007ffa658f0000 - 0x00007ffa65c6c000 	C:\WINDOWS\System32\KERNELBASE.dll
0x00007ffa65580000 - 0x00007ffa65691000 	C:\WINDOWS\System32\ucrtbase.dll
0x00007ffa616c0000 - 0x00007ffa616d7000 	C:\Program Files\Microsoft\jdk-11.0.12.7-hotspot\bin\jli.dll
0x00007ffa61620000 - 0x00007ffa61635000 	C:\Program Files\Microsoft\jdk-11.0.12.7-hotspot\bin\VCRUNTIME140.dll
0x00007ffa677a0000 - 0x00007ffa6794d000 	C:\WINDOWS\System32\USER32.dll
0x00007ffa4c710000 - 0x00007ffa4c9b5000 	C:\WINDOWS\WinSxS\amd64_microsoft.windows.common-controls_6595b64144ccf1df_6.0.22000.120_none_9d947278b86cc467\COMCTL32.dll
0x00007ffa65c70000 - 0x00007ffa65c96000 	C:\WINDOWS\System32\win32u.dll
0x00007ffa66220000 - 0x00007ffa66249000 	C:\WINDOWS\System32\GDI32.dll
0x00007ffa66c60000 - 0x00007ffa66d03000 	C:\WINDOWS\System32\msvcrt.dll
0x00007ffa656a0000 - 0x00007ffa657b9000 	C:\WINDOWS\System32\gdi32full.dll
0x00007ffa654e0000 - 0x00007ffa6557d000 	C:\WINDOWS\System32\msvcp_win.dll
0x00007ffa67360000 - 0x00007ffa67391000 	C:\WINDOWS\System32\IMM32.DLL
0x00007ffa43390000 - 0x00007ffa4342b000 	C:\Program Files\Microsoft\jdk-11.0.12.7-hotspot\bin\msvcp140.dll
0x00007ff9f3df0000 - 0x00007ff9f4951000 	C:\Program Files\Microsoft\jdk-11.0.12.7-hotspot\bin\server\jvm.dll
0x00007ffa66a10000 - 0x00007ffa66abe000 	C:\WINDOWS\System32\ADVAPI32.dll
0x00007ffa67570000 - 0x00007ffa6760e000 	C:\WINDOWS\System32\sechost.dll
0x00007ffa66ec0000 - 0x00007ffa66fe0000 	C:\WINDOWS\System32\RPCRT4.dll
0x00007ffa4c9c0000 - 0x00007ffa4c9c9000 	C:\WINDOWS\SYSTEM32\WSOCK32.dll
0x00007ffa602f0000 - 0x00007ffa602fa000 	C:\WINDOWS\SYSTEM32\VERSION.dll
0x00007ffa67610000 - 0x00007ffa6767f000 	C:\WINDOWS\System32\WS2_32.dll
0x00007ffa67fb0000 - 0x00007ffa67fb8000 	C:\WINDOWS\System32\PSAPI.DLL
0x00007ffa60c30000 - 0x00007ffa60c63000 	C:\WINDOWS\SYSTEM32\WINMM.dll
0x00007ffa645d0000 - 0x00007ffa645e8000 	C:\WINDOWS\SYSTEM32\kernel.appcore.dll
0x00007ffa61650000 - 0x00007ffa61660000 	C:\Program Files\Microsoft\jdk-11.0.12.7-hotspot\bin\verify.dll
0x00007ffa626f0000 - 0x00007ffa62911000 	C:\WINDOWS\SYSTEM32\DBGHELP.DLL
0x00007ffa5fb80000 - 0x00007ffa5fbb1000 	C:\WINDOWS\SYSTEM32\dbgcore.DLL
0x00007ffa65ca0000 - 0x00007ffa65d1f000 	C:\WINDOWS\System32\bcryptPrimitives.dll
0x00007ffa60010000 - 0x00007ffa60038000 	C:\Program Files\Microsoft\jdk-11.0.12.7-hotspot\bin\java.dll
0x00007ffa615d0000 - 0x00007ffa615da000 	C:\Program Files\Microsoft\jdk-11.0.12.7-hotspot\bin\jimage.dll
0x00007ffa5f240000 - 0x00007ffa5f257000 	C:\Program Files\Microsoft\jdk-11.0.12.7-hotspot\bin\zip.dll
0x00007ffa66250000 - 0x00007ffa66a08000 	C:\WINDOWS\System32\SHELL32.dll
0x00007ffa63640000 - 0x00007ffa63ea8000 	C:\WINDOWS\SYSTEM32\windows.storage.dll
0x00007ffa65ea0000 - 0x00007ffa66219000 	C:\WINDOWS\System32\combase.dll
0x00007ffa634d0000 - 0x00007ffa63636000 	C:\WINDOWS\SYSTEM32\wintypes.dll
0x00007ffa67a50000 - 0x00007ffa67b3a000 	C:\WINDOWS\System32\SHCORE.dll
0x00007ffa67220000 - 0x00007ffa6727d000 	C:\WINDOWS\System32\shlwapi.dll
0x00007ffa65410000 - 0x00007ffa65431000 	C:\WINDOWS\SYSTEM32\profapi.dll
0x00007ffa5e2c0000 - 0x00007ffa5e2d9000 	C:\Program Files\Microsoft\jdk-11.0.12.7-hotspot\bin\net.dll
0x00007ffa60b20000 - 0x00007ffa60c2c000 	C:\WINDOWS\SYSTEM32\WINHTTP.dll
0x00007ffa64a00000 - 0x00007ffa64a67000 	C:\WINDOWS\system32\mswsock.dll
0x00007ffa5dee0000 - 0x00007ffa5def2000 	C:\Program Files\Microsoft\jdk-11.0.12.7-hotspot\bin\nio.dll

dbghelp: loaded successfully - version: 4.0.5 - missing functions: none
symbol engine: initialized successfully - sym options: 0x614 - pdb path: .;C:\Program Files\Microsoft\jdk-11.0.12.7-hotspot\bin;C:\WINDOWS\SYSTEM32;C:\WINDOWS\WinSxS\amd64_microsoft.windows.common-controls_6595b64144ccf1df_6.0.22000.120_none_9d947278b86cc467;C:\Program Files\Microsoft\jdk-11.0.12.7-hotspot\bin\server

VM Arguments:
jvm_args: -Dfile.encoding=utf8 
java_command: c:\Users\TUSHAR JAIN\.vscode\extensions\vscjava.vscode-gradle-3.12.4\lib\gradle-language-server.jar
java_class_path (initial): c:\Users\TUSHAR JAIN\.vscode\extensions\vscjava.vscode-gradle-3.12.4\lib\gradle-language-server.jar
Launcher Type: SUN_STANDARD

[Global flags]
     intx CICompilerCount                          = 4                                         {product} {ergonomic}
     uint ConcGCThreads                            = 2                                         {product} {ergonomic}
     uint G1ConcRefinementThreads                  = 8                                         {product} {ergonomic}
   size_t G1HeapRegionSize                         = 1048576                                   {product} {ergonomic}
    uintx GCDrainStackTargetSize                   = 64                                        {product} {ergonomic}
   size_t InitialHeapSize                          = 132120576                                 {product} {ergonomic}
   size_t MarkStackSize                            = 4194304                                   {product} {ergonomic}
   size_t MaxHeapSize                              = 2105540608                                {product} {ergonomic}
   size_t MaxNewSize                               = 1262485504                                {product} {ergonomic}
   size_t MinHeapDeltaBytes                        = 1048576                                   {product} {ergonomic}
    uintx NonNMethodCodeHeapSize                   = 5836300                                {pd product} {ergonomic}
    uintx NonProfiledCodeHeapSize                  = 122910970                              {pd product} {ergonomic}
    uintx ProfiledCodeHeapSize                     = 122910970                              {pd product} {ergonomic}
    uintx ReservedCodeCacheSize                    = 251658240                              {pd product} {ergonomic}
     bool SegmentedCodeCache                       = true                                      {product} {ergonomic}
     bool UseCompressedClassPointers               = true                                 {lp64_product} {ergonomic}
     bool UseCompressedOops                        = true                                 {lp64_product} {ergonomic}
     bool UseG1GC                                  = true                                      {product} {ergonomic}
     bool UseLargePagesIndividualAllocation        = false                                  {pd product} {ergonomic}

Logging:
Log output configuration:
 #0: stdout all=warning uptime,level,tags
 #1: stderr all=off uptime,level,tags

Environment Variables:
PATH=C:\Program Files\Microsoft\jdk-11.0.12.7-hotspot\bin;C:\Windows\system32;C:\Windows;C:\Windows\System32\Wbem;C:\Windows\System32\WindowsPowerShell\v1.0\;C:\Windows\System32\OpenSSH\;C:\Program Files (x86)\NVIDIA Corporation\PhysX\Common;C:\Program Files\NVIDIA Corporation\NVIDIA NvDLISR;C:\WINDOWS\system32;C:\WINDOWS;C:\WINDOWS\System32\Wbem;C:\WINDOWS\System32\WindowsPowerShell\v1.0\;C:\WINDOWS\System32\OpenSSH\;C:\MinGW\bin;C:\Program Files\Git\cmd;C:\MinGW\bin;C:\Program Files\dotnet\;C:\Program Files\platform-tools;C:\Users\TUSHAR JAIN\homebrew\;C:\Program Files\nodejs\;C:\Users\TUSHAR JAIN\AppData\Local\Pub\Cache\bin;C:\Users\TUSHAR JAIN\AppData\Local\Microsoft\WindowsApps;C:\Program Files (x86)\Brackets\;C:\src\flutter\bin;C:\Users\TUSHAR JAIN\AppData\Local\Programs\Microsoft VS Code\bin;C:\Users\TUSHAR JAIN\.dotnet\tools;C:\Users\TUSHAR JAIN\AppData\Roaming\npm
USERNAME=TUSHAR JAIN
OS=Windows_NT
PROCESSOR_IDENTIFIER=Intel64 Family 6 Model 142 Stepping 12, GenuineIntel



---------------  S Y S T E M  ---------------

OS: Windows 10 , 64 bit Build 22000 (10.0.22000.708)
OS uptime: 5 days 11:10 hours

CPU:total 8 (initial active 8) (4 cores per cpu, 2 threads per core) family 6 model 142 stepping 12 microcode 0xf0, cmov, cx8, fxsr, mmx, sse, sse2, sse3, ssse3, sse4.1, sse4.2, popcnt, avx, avx2, aes, clmul, erms, 3dnowpref, lzcnt, ht, tsc, tscinvbit, bmi1, bmi2, adx, fma

Memory: 4k page, system-wide physical 8025M (27M free)
TotalPageFile size 32601M (AvailPageFile size 12M)
current process WorkingSet (physical memory assigned to process): 51M, peak: 53M
current process commit charge ("private bytes"): 219M, peak: 219M

vm_info: OpenJDK 64-Bit Server VM (11.0.12+7) for windows-amd64 JRE (11.0.12+7), built on Jul 21 2021 15:41:43 by "" with unknown MS VC++:1916

END.
