#
# There is insufficient memory for the Java Runtime Environment to continue.
# Native memory allocation (mmap) failed to map 132120576 bytes for Failed to commit area from 0x0000000082800000 to 0x000000008a600000 of length 132120576.
# Possible reasons:
#   The system is out of physical RAM or swap space
#   The process is running with CompressedOops enabled, and the Java Heap may be blocking the growth of the native heap
# Possible solutions:
#   Reduce memory load on the system
#   Increase physical memory or swap space
#   Check if swap backing store is full
#   Decrease Java heap size (-Xmx/-Xms)
#   Decrease number of Java threads
#   Decrease Java thread stack sizes (-Xss)
#   Set larger code cache with -XX:ReservedCodeCacheSize=
# This output file may be truncated or incomplete.
#
#  Out of Memory Error (./src/hotspot/os/windows/os_windows.cpp:3380), pid=80596, tid=91304
#
# JRE version:  (11.0.12+7) (build )
# Java VM: OpenJDK 64-Bit Server VM (11.0.12+7, mixed mode, sharing, tiered, compressed oops, g1 gc, windows-amd64)
# No core dump will be written. Minidumps are not enabled by default on client versions of Windows
#

---------------  S U M M A R Y ------------

Command Line: -Dfile.encoding=utf8 c:\Users\TUSHAR JAIN\.vscode\extensions\vscjava.vscode-gradle-3.12.4\lib\gradle-language-server.jar

Host: Intel(R) Core(TM) i5-10210U CPU @ 1.60GHz, 8 cores, 7G,  Windows 10 , 64 bit Build 22000 (10.0.22000.708)
Time: Mon Sep 19 19:21:19 2022 India Standard Time elapsed time: 0.022608 seconds (0d 0h 0m 0s)

---------------  T H R E A D  ---------------

Current thread (0x0000022952c5c000):  JavaThread "Unknown thread" [_thread_in_vm, id=91304, stack(0x0000006f61e00000,0x0000006f61f00000)]

Stack: [0x0000006f61e00000,0x0000006f61f00000]
Native frames: (J=compiled Java code, j=interpreted, Vv=VM code, C=native code)
V  [jvm.dll+0x6090fa]
V  [jvm.dll+0x79229e]
V  [jvm.dll+0x79396f]
V  [jvm.dll+0x794033]
V  [jvm.dll+0x24bed8]
V  [jvm.dll+0x60624a]
V  [jvm.dll+0x5facf5]
V  [jvm.dll+0x303b5c]
V  [jvm.dll+0x3039e2]
V  [jvm.dll+0x308706]
V  [jvm.dll+0x34d5cf]
V  [jvm.dll+0x34d000]
V  [jvm.dll+0x2e0c68]
V  [jvm.dll+0x2e1dc6]
V  [jvm.dll+0x76d627]
V  [jvm.dll+0x76edaf]
V  [jvm.dll+0x35a359]
V  [jvm.dll+0x750710]
V  [jvm.dll+0x3c1f8f]
V  [jvm.dll+0x3c4461]
C  [jli.dll+0x5207]
C  [ucrtbase.dll+0x26c0c]
C  [KERNEL32.DLL+0x154e0]
C  [ntdll.dll+0x485b]


---------------  P R O C E S S  ---------------

Threads class SMR info:
_java_thread_list=0x0000022952b84080, length=0, elements={
}

Java Threads: ( => current thread )

Other Threads:
  0x0000022954eb2800 GCTaskThread "GC Thread#0" [stack: 0x0000006f61f00000,0x0000006f62000000] [id=91672]
  0x0000022954ee4000 ConcurrentGCThread "G1 Main Marker" [stack: 0x0000006f62000000,0x0000006f62100000] [id=91220]
  0x0000022954ee6800 ConcurrentGCThread "G1 Conc#0" [stack: 0x0000006f62100000,0x0000006f62200000] [id=91792]

[error occurred during error reporting (printing all threads), id 0xc0000005, EXCEPTION_ACCESS_VIOLATION (0xc0000005) at pc=0x00007ff9f40e0337]

VM state:not at safepoint (not fully initialized)

VM Mutex/Monitor currently owned by a thread:  ([mutex/lock_event])
[0x0000022954e9dd30] Heap_lock - owner thread: 0x0000022952c5c000

Heap address: 0x0000000082800000, size: 2008 MB, Compressed Oops mode: Non-zero based: 0x0000000082800000
Narrow klass base: 0x0000000000000000, Narrow klass shift: 0

GC Heap History (0 events):
No events

Deoptimization events (0 events):
No events

Classes redefined (0 events):
No events

Internal exceptions (0 events):
No events

Events (1 events):
Event: 0.013 Loaded shared library C:\Program Files\Microsoft\jdk-11.0.12.7-hotspot\bin\zip.dll


Dynamic libraries:
0x00007ff60e230000 - 0x00007ff60e23d000 	C:\Program Files\Microsoft\jdk-11.0.12.7-hotspot\bin\java.exe
0x00007ffa68000000 - 0x00007ffa68209000 	C:\WINDOWS\SYSTEM32\ntdll.dll
0x00007ffa66e00000 - 0x00007ffa66ebd000 	C:\WINDOWS\System32\KERNEL32.DLL
0x00007ffa658f0000 - 0x00007ffa65c6c000 	C:\WINDOWS\System32\KERNELBASE.dll
0x00007ffa65580000 - 0x00007ffa65691000 	C:\WINDOWS\System32\ucrtbase.dll
0x00007ffa616c0000 - 0x00007ffa616d7000 	C:\Program Files\Microsoft\jdk-11.0.12.7-hotspot\bin\jli.dll
0x00007ffa61620000 - 0x00007ffa61635000 	C:\Program Files\Microsoft\jdk-11.0.12.7-hotspot\bin\VCRUNTIME140.dll
0x00007ffa677a0000 - 0x00007ffa6794d000 	C:\WINDOWS\System32\USER32.dll
0x00007ffa65c70000 - 0x00007ffa65c96000 	C:\WINDOWS\System32\win32u.dll
0x00007ffa4c710000 - 0x00007ffa4c9b5000 	C:\WINDOWS\WinSxS\amd64_microsoft.windows.common-controls_6595b64144ccf1df_6.0.22000.120_none_9d947278b86cc467\COMCTL32.dll
0x00007ffa66c60000 - 0x00007ffa66d03000 	C:\WINDOWS\System32\msvcrt.dll
0x00007ffa66220000 - 0x00007ffa66249000 	C:\WINDOWS\System32\GDI32.dll
0x00007ffa656a0000 - 0x00007ffa657b9000 	C:\WINDOWS\System32\gdi32full.dll
0x00007ffa654e0000 - 0x00007ffa6557d000 	C:\WINDOWS\System32\msvcp_win.dll
0x00007ffa67360000 - 0x00007ffa67391000 	C:\WINDOWS\System32\IMM32.DLL
0x00007ffa43390000 - 0x00007ffa4342b000 	C:\Program Files\Microsoft\jdk-11.0.12.7-hotspot\bin\msvcp140.dll
0x00007ff9f3df0000 - 0x00007ff9f4951000 	C:\Program Files\Microsoft\jdk-11.0.12.7-hotspot\bin\server\jvm.dll
0x00007ffa66a10000 - 0x00007ffa66abe000 	C:\WINDOWS\System32\ADVAPI32.dll
0x00007ffa67570000 - 0x00007ffa6760e000 	C:\WINDOWS\System32\sechost.dll
0x00007ffa66ec0000 - 0x00007ffa66fe0000 	C:\WINDOWS\System32\RPCRT4.dll
0x00007ffa67fb0000 - 0x00007ffa67fb8000 	C:\WINDOWS\System32\PSAPI.DLL
0x00007ffa4c9c0000 - 0x00007ffa4c9c9000 	C:\WINDOWS\SYSTEM32\WSOCK32.dll
0x00007ffa60c30000 - 0x00007ffa60c63000 	C:\WINDOWS\SYSTEM32\WINMM.dll
0x00007ffa67610000 - 0x00007ffa6767f000 	C:\WINDOWS\System32\WS2_32.dll
0x00007ffa602f0000 - 0x00007ffa602fa000 	C:\WINDOWS\SYSTEM32\VERSION.dll
0x00007ffa645d0000 - 0x00007ffa645e8000 	C:\WINDOWS\SYSTEM32\kernel.appcore.dll
0x00007ffa61650000 - 0x00007ffa61660000 	C:\Program Files\Microsoft\jdk-11.0.12.7-hotspot\bin\verify.dll
0x00007ffa626f0000 - 0x00007ffa62911000 	C:\WINDOWS\SYSTEM32\DBGHELP.DLL
0x00007ffa5fb80000 - 0x00007ffa5fbb1000 	C:\WINDOWS\SYSTEM32\dbgcore.DLL
0x00007ffa65ca0000 - 0x00007ffa65d1f000 	C:\WINDOWS\System32\bcryptPrimitives.dll
0x00007ffa60010000 - 0x00007ffa60038000 	C:\Program Files\Microsoft\jdk-11.0.12.7-hotspot\bin\java.dll
0x00007ffa615d0000 - 0x00007ffa615da000 	C:\Program Files\Microsoft\jdk-11.0.12.7-hotspot\bin\jimage.dll
0x00007ffa5f240000 - 0x00007ffa5f257000 	C:\Program Files\Microsoft\jdk-11.0.12.7-hotspot\bin\zip.dll

dbghelp: loaded successfully - version: 4.0.5 - missing functions: none
symbol engine: initialized successfully - sym options: 0x614 - pdb path: .;C:\Program Files\Microsoft\jdk-11.0.12.7-hotspot\bin;C:\WINDOWS\SYSTEM32;C:\WINDOWS\WinSxS\amd64_microsoft.windows.common-controls_6595b64144ccf1df_6.0.22000.120_none_9d947278b86cc467;C:\Program Files\Microsoft\jdk-11.0.12.7-hotspot\bin\server

VM Arguments:
jvm_args: -Dfile.encoding=utf8 
java_command: c:\Users\TUSHAR JAIN\.vscode\extensions\vscjava.vscode-gradle-3.12.4\lib\gradle-language-server.jar
java_class_path (initial): c:\Users\TUSHAR JAIN\.vscode\extensions\vscjava.vscode-gradle-3.12.4\lib\gradle-language-server.jar
Launcher Type: SUN_STANDARD

[Global flags]
     intx CICompilerCount                          = 4                                         {product} {ergonomic}
     uint ConcGCThreads                            = 2                                         {product} {ergonomic}
     uint G1ConcRefinementThreads                  = 8                                         {product} {ergonomic}
   size_t G1HeapRegionSize                         = 1048576                                   {product} {ergonomic}
    uintx GCDrainStackTargetSize                   = 64                                        {product} {ergonomic}
   size_t InitialHeapSize                          = 132120576                                 {product} {ergonomic}
   size_t MarkStackSize                            = 4194304                                   {product} {ergonomic}
   size_t MaxHeapSize                              = 2105540608                                {product} {ergonomic}
   size_t MinHeapDeltaBytes                        = 1048576                                   {product} {ergonomic}
    uintx NonNMethodCodeHeapSize                   = 5836300                                {pd product} {ergonomic}
    uintx NonProfiledCodeHeapSize                  = 122910970                              {pd product} {ergonomic}
    uintx ProfiledCodeHeapSize                     = 122910970                              {pd product} {ergonomic}
    uintx ReservedCodeCacheSize                    = 251658240                              {pd product} {ergonomic}
     bool SegmentedCodeCache                       = true                                      {product} {ergonomic}
     bool UseCompressedClassPointers               = true                                 {lp64_product} {ergonomic}
     bool UseCompressedOops                        = true                                 {lp64_product} {ergonomic}
     bool UseG1GC                                  = true                                      {product} {ergonomic}
     bool UseLargePagesIndividualAllocation        = false                                  {pd product} {ergonomic}

Logging:
Log output configuration:
 #0: stdout all=warning uptime,level,tags
 #1: stderr all=off uptime,level,tags

Environment Variables:
PATH=C:\Program Files\Microsoft\jdk-11.0.12.7-hotspot\bin;C:\Windows\system32;C:\Windows;C:\Windows\System32\Wbem;C:\Windows\System32\WindowsPowerShell\v1.0\;C:\Windows\System32\OpenSSH\;C:\Program Files (x86)\NVIDIA Corporation\PhysX\Common;C:\Program Files\NVIDIA Corporation\NVIDIA NvDLISR;C:\WINDOWS\system32;C:\WINDOWS;C:\WINDOWS\System32\Wbem;C:\WINDOWS\System32\WindowsPowerShell\v1.0\;C:\WINDOWS\System32\OpenSSH\;C:\MinGW\bin;C:\Program Files\Git\cmd;C:\MinGW\bin;C:\Program Files\dotnet\;C:\Program Files\platform-tools;C:\Users\TUSHAR JAIN\homebrew\;C:\Program Files\nodejs\;C:\Users\TUSHAR JAIN\AppData\Local\Pub\Cache\bin;C:\Users\TUSHAR JAIN\AppData\Local\Microsoft\WindowsApps;C:\Program Files (x86)\Brackets\;C:\src\flutter\bin;C:\Users\TUSHAR JAIN\AppData\Local\Programs\Microsoft VS Code\bin;C:\Users\TUSHAR JAIN\.dotnet\tools;C:\Users\TUSHAR JAIN\AppData\Roaming\npm
USERNAME=TUSHAR JAIN
OS=Windows_NT
PROCESSOR_IDENTIFIER=Intel64 Family 6 Model 142 Stepping 12, GenuineIntel



---------------  S Y S T E M  ---------------

OS: Windows 10 , 64 bit Build 22000 (10.0.22000.708)
OS uptime: 5 days 11:10 hours

CPU:total 8 (initial active 8) (4 cores per cpu, 2 threads per core) family 6 model 142 stepping 12 microcode 0xf0, cmov, cx8, fxsr, mmx, sse, sse2, sse3, ssse3, sse4.1, sse4.2, popcnt, avx, avx2, aes, clmul, erms, 3dnowpref, lzcnt, ht, tsc, tscinvbit, bmi1, bmi2, adx, fma

Memory: 4k page, system-wide physical 8025M (121M free)
TotalPageFile size 32601M (AvailPageFile size 86M)
current process WorkingSet (physical memory assigned to process): 10M, peak: 10M
current process commit charge ("private bytes"): 60M, peak: 186M

vm_info: OpenJDK 64-Bit Server VM (11.0.12+7) for windows-amd64 JRE (11.0.12+7), built on Jul 21 2021 15:41:43 by "" with unknown MS VC++:1916

END.
