#
# There is insufficient memory for the Java Runtime Environment to continue.
# Native memory allocation (malloc) failed to allocate 32744 bytes for ChunkPool::allocate
# Possible reasons:
#   The system is out of physical RAM or swap space
#   The process is running with CompressedOops enabled, and the Java Heap may be blocking the growth of the native heap
# Possible solutions:
#   Reduce memory load on the system
#   Increase physical memory or swap space
#   Check if swap backing store is full
#   Decrease Java heap size (-Xmx/-Xms)
#   Decrease number of Java threads
#   Decrease Java thread stack sizes (-Xss)
#   Set larger code cache with -XX:ReservedCodeCacheSize=
#   JVM is running with Unscaled Compressed Oops mode in which the Java heap is
#     placed in the first 4GB address space. The Java Heap base address is the
#     maximum limit for the native heap growth. Please use -XX:HeapBaseMinAddress
#     to set the Java Heap base and to place the Java Heap above 4GB virtual address.
# This output file may be truncated or incomplete.
#
#  Out of Memory Error (./src/hotspot/share/memory/arena.cpp:81), pid=54336, tid=82832
#
# JRE version: OpenJDK Runtime Environment (11.0.12+7) (build 11.0.12+7-b1504.28-7817840)
# Java VM: OpenJDK 64-Bit Server VM (11.0.12+7-b1504.28-7817840, mixed mode, tiered, compressed oops, g1 gc, windows-amd64)
# No core dump will be written. Minidumps are not enabled by default on client versions of Windows
#

---------------  S U M M A R Y ------------

Command Line: -Dorg.gradle.appname=gradlew org.gradle.wrapper.GradleWrapperMain -q -Ptarget-platform=android-x86 -Ptarget=C:\Users\TUSHAR JAIN\notes\lib\main.dart -Pbase-application-name=android.app.Application -Pdart-defines=RkxVVFRFUl9XRUJfQVVUT19ERVRFQ1Q9dHJ1ZQ== -Pdart-obfuscation=false -Ptrack-widget-creation=true -Ptree-shake-icons=false -Pfilesystem-scheme=org-dartlang-root assembleDebug

Host: Intel(R) Core(TM) i5-10210U CPU @ 1.60GHz, 8 cores, 7G,  Windows 10 , 64 bit Build 22000 (10.0.22000.708)
Time: Mon Sep 19 19:17:57 2022 India Standard Time elapsed time: 0.844564 seconds (0d 0h 0m 0s)

---------------  T H R E A D  ---------------

Current thread (0x0000028bda68d000):  JavaThread "C2 CompilerThread0" daemon [_thread_in_native, id=82832, stack(0x000000fe72b00000,0x000000fe72c00000)]


Current CompileTask:
C2:    844  449       4       java.io.WinNTFileSystem::resolve (275 bytes)

Stack: [0x000000fe72b00000,0x000000fe72c00000]
Native frames: (J=compiled Java code, j=interpreted, Vv=VM code, C=native code)
V  [jvm.dll+0x5fbcea]
V  [jvm.dll+0x731905]
V  [jvm.dll+0x732f1d]
V  [jvm.dll+0x7335d3]
V  [jvm.dll+0x247bf8]
V  [jvm.dll+0xc041b]
V  [jvm.dll+0xc06cc]
V  [jvm.dll+0xc02cc]
V  [jvm.dll+0x6282e0]
V  [jvm.dll+0x62c41e]
V  [jvm.dll+0x19d188]
V  [jvm.dll+0x20070e]
V  [jvm.dll+0x1ff794]
V  [jvm.dll+0x18868c]
V  [jvm.dll+0x20e0d7]
V  [jvm.dll+0x20c901]
V  [jvm.dll+0x6f9b7f]
V  [jvm.dll+0x6f26a5]
V  [jvm.dll+0x5fabf6]
C  [ucrtbase.dll+0x26c0c]
C  [KERNEL32.DLL+0x154e0]
C  [ntdll.dll+0x485b]


---------------  P R O C E S S  ---------------

Threads class SMR info:
_java_thread_list=0x0000028bda7ef460, length=10, elements={
0x0000028bbf9f2000, 0x0000028bd9ce9800, 0x0000028bd9d0e000, 0x0000028bda689000,
0x0000028bda68b000, 0x0000028bda68c000, 0x0000028bda68d000, 0x0000028bda68e000,
0x0000028bda69b000, 0x0000028bda7f8800
}

Java Threads: ( => current thread )
  0x0000028bbf9f2000 JavaThread "main" [_thread_in_vm, id=76508, stack(0x000000fe71f00000,0x000000fe72000000)]
  0x0000028bd9ce9800 JavaThread "Reference Handler" daemon [_thread_blocked, id=90876, stack(0x000000fe72600000,0x000000fe72700000)]
  0x0000028bd9d0e000 JavaThread "Finalizer" daemon [_thread_blocked, id=80596, stack(0x000000fe72700000,0x000000fe72800000)]
  0x0000028bda689000 JavaThread "Signal Dispatcher" daemon [_thread_blocked, id=3940, stack(0x000000fe72800000,0x000000fe72900000)]
  0x0000028bda68b000 JavaThread "Attach Listener" daemon [_thread_blocked, id=90364, stack(0x000000fe72900000,0x000000fe72a00000)]
  0x0000028bda68c000 JavaThread "Service Thread" daemon [_thread_blocked, id=90944, stack(0x000000fe72a00000,0x000000fe72b00000)]
=>0x0000028bda68d000 JavaThread "C2 CompilerThread0" daemon [_thread_in_native, id=82832, stack(0x000000fe72b00000,0x000000fe72c00000)]
  0x0000028bda68e000 JavaThread "C1 CompilerThread0" daemon [_thread_in_native, id=77680, stack(0x000000fe72c00000,0x000000fe72d00000)]
  0x0000028bda69b000 JavaThread "Sweeper thread" daemon [_thread_blocked, id=83332, stack(0x000000fe72d00000,0x000000fe72e00000)]
  0x0000028bda7f8800 JavaThread "Common-Cleaner" daemon [_thread_blocked, id=90716, stack(0x000000fe72f00000,0x000000fe73000000)]

Other Threads:
  0x0000028bd9ce8000 VMThread "VM Thread" [stack: 0x000000fe72500000,0x000000fe72600000] [id=90124]
  0x0000028bda7f2000 WatcherThread [stack: 0x000000fe72e00000,0x000000fe72f00000] [id=89040]
  0x0000028bbfa08800 GCTaskThread "GC Thread#0" [stack: 0x000000fe72000000,0x000000fe72100000] [id=82324]
  0x0000028bbfa3b800 ConcurrentGCThread "G1 Main Marker" [stack: 0x000000fe72100000,0x000000fe72200000] [id=74916]
  0x0000028bbfa3d800 ConcurrentGCThread "G1 Conc#0" [stack: 0x000000fe72200000,0x000000fe72300000] [id=88804]
  0x0000028bbface000 ConcurrentGCThread "G1 Refine#0" [stack: 0x000000fe72300000,0x000000fe72400000] [id=82228]
  0x0000028bd9b56800 ConcurrentGCThread "G1 Young RemSet Sampling" [stack: 0x000000fe72400000,0x000000fe72500000] [id=88320]

Threads with active compile tasks:
C2 CompilerThread0    929  449       4       java.io.WinNTFileSystem::resolve (275 bytes)
C1 CompilerThread0    929  457       3       java.util.regex.Pattern::compile (498 bytes)

VM state:not at safepoint (normal execution)

VM Mutex/Monitor currently owned by a thread: None

Heap address: 0x0000000082800000, size: 2008 MB, Compressed Oops mode: 32-bit
Narrow klass base: 0x0000000000000000, Narrow klass shift: 3
Compressed class space size: 1073741824 Address: 0x0000000100000000

Heap:
 garbage-first heap   total 129024K, used 8192K [0x0000000082800000, 0x0000000100000000)
  region size 1024K, 10 young (10240K), 0 survivors (0K)
 Metaspace       used 7959K, capacity 8114K, committed 8320K, reserved 1056768K
  class space    used 718K, capacity 785K, committed 896K, reserved 1048576K
Heap Regions: E=young(eden), S=young(survivor), O=old, HS=humongous(starts), HC=humongous(continues), CS=collection set, F=free, A=archive, TAMS=top-at-mark-start (previous, next)
|   0|0x0000000082800000, 0x0000000082800000, 0x0000000082900000|  0%| F|  |TAMS 0x0000000082800000, 0x0000000082800000| Untracked 
|   1|0x0000000082900000, 0x0000000082900000, 0x0000000082a00000|  0%| F|  |TAMS 0x0000000082900000, 0x0000000082900000| Untracked 
|   2|0x0000000082a00000, 0x0000000082a00000, 0x0000000082b00000|  0%| F|  |TAMS 0x0000000082a00000, 0x0000000082a00000| Untracked 
|   3|0x0000000082b00000, 0x0000000082b00000, 0x0000000082c00000|  0%| F|  |TAMS 0x0000000082b00000, 0x0000000082b00000| Untracked 
|   4|0x0000000082c00000, 0x0000000082c00000, 0x0000000082d00000|  0%| F|  |TAMS 0x0000000082c00000, 0x0000000082c00000| Untracked 
|   5|0x0000000082d00000, 0x0000000082d00000, 0x0000000082e00000|  0%| F|  |TAMS 0x0000000082d00000, 0x0000000082d00000| Untracked 
|   6|0x0000000082e00000, 0x0000000082e00000, 0x0000000082f00000|  0%| F|  |TAMS 0x0000000082e00000, 0x0000000082e00000| Untracked 
|   7|0x0000000082f00000, 0x0000000082f00000, 0x0000000083000000|  0%| F|  |TAMS 0x0000000082f00000, 0x0000000082f00000| Untracked 
|   8|0x0000000083000000, 0x0000000083000000, 0x0000000083100000|  0%| F|  |TAMS 0x0000000083000000, 0x0000000083000000| Untracked 
|   9|0x0000000083100000, 0x0000000083100000, 0x0000000083200000|  0%| F|  |TAMS 0x0000000083100000, 0x0000000083100000| Untracked 
|  10|0x0000000083200000, 0x0000000083200000, 0x0000000083300000|  0%| F|  |TAMS 0x0000000083200000, 0x0000000083200000| Untracked 
|  11|0x0000000083300000, 0x0000000083300000, 0x0000000083400000|  0%| F|  |TAMS 0x0000000083300000, 0x0000000083300000| Untracked 
|  12|0x0000000083400000, 0x0000000083400000, 0x0000000083500000|  0%| F|  |TAMS 0x0000000083400000, 0x0000000083400000| Untracked 
|  13|0x0000000083500000, 0x0000000083500000, 0x0000000083600000|  0%| F|  |TAMS 0x0000000083500000, 0x0000000083500000| Untracked 
|  14|0x0000000083600000, 0x0000000083600000, 0x0000000083700000|  0%| F|  |TAMS 0x0000000083600000, 0x0000000083600000| Untracked 
|  15|0x0000000083700000, 0x0000000083700000, 0x0000000083800000|  0%| F|  |TAMS 0x0000000083700000, 0x0000000083700000| Untracked 
|  16|0x0000000083800000, 0x0000000083800000, 0x0000000083900000|  0%| F|  |TAMS 0x0000000083800000, 0x0000000083800000| Untracked 
|  17|0x0000000083900000, 0x0000000083900000, 0x0000000083a00000|  0%| F|  |TAMS 0x0000000083900000, 0x0000000083900000| Untracked 
|  18|0x0000000083a00000, 0x0000000083a00000, 0x0000000083b00000|  0%| F|  |TAMS 0x0000000083a00000, 0x0000000083a00000| Untracked 
|  19|0x0000000083b00000, 0x0000000083b00000, 0x0000000083c00000|  0%| F|  |TAMS 0x0000000083b00000, 0x0000000083b00000| Untracked 
|  20|0x0000000083c00000, 0x0000000083c00000, 0x0000000083d00000|  0%| F|  |TAMS 0x0000000083c00000, 0x0000000083c00000| Untracked 
|  21|0x0000000083d00000, 0x0000000083d00000, 0x0000000083e00000|  0%| F|  |TAMS 0x0000000083d00000, 0x0000000083d00000| Untracked 
|  22|0x0000000083e00000, 0x0000000083e00000, 0x0000000083f00000|  0%| F|  |TAMS 0x0000000083e00000, 0x0000000083e00000| Untracked 
|  23|0x0000000083f00000, 0x0000000083f00000, 0x0000000084000000|  0%| F|  |TAMS 0x0000000083f00000, 0x0000000083f00000| Untracked 
|  24|0x0000000084000000, 0x0000000084000000, 0x0000000084100000|  0%| F|  |TAMS 0x0000000084000000, 0x0000000084000000| Untracked 
|  25|0x0000000084100000, 0x0000000084100000, 0x0000000084200000|  0%| F|  |TAMS 0x0000000084100000, 0x0000000084100000| Untracked 
|  26|0x0000000084200000, 0x0000000084200000, 0x0000000084300000|  0%| F|  |TAMS 0x0000000084200000, 0x0000000084200000| Untracked 
|  27|0x0000000084300000, 0x0000000084300000, 0x0000000084400000|  0%| F|  |TAMS 0x0000000084300000, 0x0000000084300000| Untracked 
|  28|0x0000000084400000, 0x0000000084400000, 0x0000000084500000|  0%| F|  |TAMS 0x0000000084400000, 0x0000000084400000| Untracked 
|  29|0x0000000084500000, 0x0000000084500000, 0x0000000084600000|  0%| F|  |TAMS 0x0000000084500000, 0x0000000084500000| Untracked 
|  30|0x0000000084600000, 0x0000000084600000, 0x0000000084700000|  0%| F|  |TAMS 0x0000000084600000, 0x0000000084600000| Untracked 
|  31|0x0000000084700000, 0x0000000084700000, 0x0000000084800000|  0%| F|  |TAMS 0x0000000084700000, 0x0000000084700000| Untracked 
|  32|0x0000000084800000, 0x0000000084800000, 0x0000000084900000|  0%| F|  |TAMS 0x0000000084800000, 0x0000000084800000| Untracked 
|  33|0x0000000084900000, 0x0000000084900000, 0x0000000084a00000|  0%| F|  |TAMS 0x0000000084900000, 0x0000000084900000| Untracked 
|  34|0x0000000084a00000, 0x0000000084a00000, 0x0000000084b00000|  0%| F|  |TAMS 0x0000000084a00000, 0x0000000084a00000| Untracked 
|  35|0x0000000084b00000, 0x0000000084b00000, 0x0000000084c00000|  0%| F|  |TAMS 0x0000000084b00000, 0x0000000084b00000| Untracked 
|  36|0x0000000084c00000, 0x0000000084c00000, 0x0000000084d00000|  0%| F|  |TAMS 0x0000000084c00000, 0x0000000084c00000| Untracked 
|  37|0x0000000084d00000, 0x0000000084d00000, 0x0000000084e00000|  0%| F|  |TAMS 0x0000000084d00000, 0x0000000084d00000| Untracked 
|  38|0x0000000084e00000, 0x0000000084e00000, 0x0000000084f00000|  0%| F|  |TAMS 0x0000000084e00000, 0x0000000084e00000| Untracked 
|  39|0x0000000084f00000, 0x0000000084f00000, 0x0000000085000000|  0%| F|  |TAMS 0x0000000084f00000, 0x0000000084f00000| Untracked 
|  40|0x0000000085000000, 0x0000000085000000, 0x0000000085100000|  0%| F|  |TAMS 0x0000000085000000, 0x0000000085000000| Untracked 
|  41|0x0000000085100000, 0x0000000085100000, 0x0000000085200000|  0%| F|  |TAMS 0x0000000085100000, 0x0000000085100000| Untracked 
|  42|0x0000000085200000, 0x0000000085200000, 0x0000000085300000|  0%| F|  |TAMS 0x0000000085200000, 0x0000000085200000| Untracked 
|  43|0x0000000085300000, 0x0000000085300000, 0x0000000085400000|  0%| F|  |TAMS 0x0000000085300000, 0x0000000085300000| Untracked 
|  44|0x0000000085400000, 0x0000000085400000, 0x0000000085500000|  0%| F|  |TAMS 0x0000000085400000, 0x0000000085400000| Untracked 
|  45|0x0000000085500000, 0x0000000085500000, 0x0000000085600000|  0%| F|  |TAMS 0x0000000085500000, 0x0000000085500000| Untracked 
|  46|0x0000000085600000, 0x0000000085600000, 0x0000000085700000|  0%| F|  |TAMS 0x0000000085600000, 0x0000000085600000| Untracked 
|  47|0x0000000085700000, 0x0000000085700000, 0x0000000085800000|  0%| F|  |TAMS 0x0000000085700000, 0x0000000085700000| Untracked 
|  48|0x0000000085800000, 0x0000000085800000, 0x0000000085900000|  0%| F|  |TAMS 0x0000000085800000, 0x0000000085800000| Untracked 
|  49|0x0000000085900000, 0x0000000085900000, 0x0000000085a00000|  0%| F|  |TAMS 0x0000000085900000, 0x0000000085900000| Untracked 
|  50|0x0000000085a00000, 0x0000000085a00000, 0x0000000085b00000|  0%| F|  |TAMS 0x0000000085a00000, 0x0000000085a00000| Untracked 
|  51|0x0000000085b00000, 0x0000000085b00000, 0x0000000085c00000|  0%| F|  |TAMS 0x0000000085b00000, 0x0000000085b00000| Untracked 
|  52|0x0000000085c00000, 0x0000000085c00000, 0x0000000085d00000|  0%| F|  |TAMS 0x0000000085c00000, 0x0000000085c00000| Untracked 
|  53|0x0000000085d00000, 0x0000000085d00000, 0x0000000085e00000|  0%| F|  |TAMS 0x0000000085d00000, 0x0000000085d00000| Untracked 
|  54|0x0000000085e00000, 0x0000000085e00000, 0x0000000085f00000|  0%| F|  |TAMS 0x0000000085e00000, 0x0000000085e00000| Untracked 
|  55|0x0000000085f00000, 0x0000000085f00000, 0x0000000086000000|  0%| F|  |TAMS 0x0000000085f00000, 0x0000000085f00000| Untracked 
|  56|0x0000000086000000, 0x0000000086000000, 0x0000000086100000|  0%| F|  |TAMS 0x0000000086000000, 0x0000000086000000| Untracked 
|  57|0x0000000086100000, 0x0000000086100000, 0x0000000086200000|  0%| F|  |TAMS 0x0000000086100000, 0x0000000086100000| Untracked 
|  58|0x0000000086200000, 0x0000000086200000, 0x0000000086300000|  0%| F|  |TAMS 0x0000000086200000, 0x0000000086200000| Untracked 
|  59|0x0000000086300000, 0x0000000086300000, 0x0000000086400000|  0%| F|  |TAMS 0x0000000086300000, 0x0000000086300000| Untracked 
|  60|0x0000000086400000, 0x0000000086400000, 0x0000000086500000|  0%| F|  |TAMS 0x0000000086400000, 0x0000000086400000| Untracked 
|  61|0x0000000086500000, 0x0000000086500000, 0x0000000086600000|  0%| F|  |TAMS 0x0000000086500000, 0x0000000086500000| Untracked 
|  62|0x0000000086600000, 0x0000000086600000, 0x0000000086700000|  0%| F|  |TAMS 0x0000000086600000, 0x0000000086600000| Untracked 
|  63|0x0000000086700000, 0x0000000086700000, 0x0000000086800000|  0%| F|  |TAMS 0x0000000086700000, 0x0000000086700000| Untracked 
|  64|0x0000000086800000, 0x0000000086800000, 0x0000000086900000|  0%| F|  |TAMS 0x0000000086800000, 0x0000000086800000| Untracked 
|  65|0x0000000086900000, 0x0000000086900000, 0x0000000086a00000|  0%| F|  |TAMS 0x0000000086900000, 0x0000000086900000| Untracked 
|  66|0x0000000086a00000, 0x0000000086a00000, 0x0000000086b00000|  0%| F|  |TAMS 0x0000000086a00000, 0x0000000086a00000| Untracked 
|  67|0x0000000086b00000, 0x0000000086b00000, 0x0000000086c00000|  0%| F|  |TAMS 0x0000000086b00000, 0x0000000086b00000| Untracked 
|  68|0x0000000086c00000, 0x0000000086c00000, 0x0000000086d00000|  0%| F|  |TAMS 0x0000000086c00000, 0x0000000086c00000| Untracked 
|  69|0x0000000086d00000, 0x0000000086d00000, 0x0000000086e00000|  0%| F|  |TAMS 0x0000000086d00000, 0x0000000086d00000| Untracked 
|  70|0x0000000086e00000, 0x0000000086e00000, 0x0000000086f00000|  0%| F|  |TAMS 0x0000000086e00000, 0x0000000086e00000| Untracked 
|  71|0x0000000086f00000, 0x0000000086f00000, 0x0000000087000000|  0%| F|  |TAMS 0x0000000086f00000, 0x0000000086f00000| Untracked 
|  72|0x0000000087000000, 0x0000000087000000, 0x0000000087100000|  0%| F|  |TAMS 0x0000000087000000, 0x0000000087000000| Untracked 
|  73|0x0000000087100000, 0x0000000087100000, 0x0000000087200000|  0%| F|  |TAMS 0x0000000087100000, 0x0000000087100000| Untracked 
|  74|0x0000000087200000, 0x0000000087200000, 0x0000000087300000|  0%| F|  |TAMS 0x0000000087200000, 0x0000000087200000| Untracked 
|  75|0x0000000087300000, 0x0000000087300000, 0x0000000087400000|  0%| F|  |TAMS 0x0000000087300000, 0x0000000087300000| Untracked 
|  76|0x0000000087400000, 0x0000000087400000, 0x0000000087500000|  0%| F|  |TAMS 0x0000000087400000, 0x0000000087400000| Untracked 
|  77|0x0000000087500000, 0x0000000087500000, 0x0000000087600000|  0%| F|  |TAMS 0x0000000087500000, 0x0000000087500000| Untracked 
|  78|0x0000000087600000, 0x0000000087600000, 0x0000000087700000|  0%| F|  |TAMS 0x0000000087600000, 0x0000000087600000| Untracked 
|  79|0x0000000087700000, 0x0000000087700000, 0x0000000087800000|  0%| F|  |TAMS 0x0000000087700000, 0x0000000087700000| Untracked 
|  80|0x0000000087800000, 0x0000000087800000, 0x0000000087900000|  0%| F|  |TAMS 0x0000000087800000, 0x0000000087800000| Untracked 
|  81|0x0000000087900000, 0x0000000087900000, 0x0000000087a00000|  0%| F|  |TAMS 0x0000000087900000, 0x0000000087900000| Untracked 
|  82|0x0000000087a00000, 0x0000000087a00000, 0x0000000087b00000|  0%| F|  |TAMS 0x0000000087a00000, 0x0000000087a00000| Untracked 
|  83|0x0000000087b00000, 0x0000000087b00000, 0x0000000087c00000|  0%| F|  |TAMS 0x0000000087b00000, 0x0000000087b00000| Untracked 
|  84|0x0000000087c00000, 0x0000000087c00000, 0x0000000087d00000|  0%| F|  |TAMS 0x0000000087c00000, 0x0000000087c00000| Untracked 
|  85|0x0000000087d00000, 0x0000000087d00000, 0x0000000087e00000|  0%| F|  |TAMS 0x0000000087d00000, 0x0000000087d00000| Untracked 
|  86|0x0000000087e00000, 0x0000000087e00000, 0x0000000087f00000|  0%| F|  |TAMS 0x0000000087e00000, 0x0000000087e00000| Untracked 
|  87|0x0000000087f00000, 0x0000000087f00000, 0x0000000088000000|  0%| F|  |TAMS 0x0000000087f00000, 0x0000000087f00000| Untracked 
|  88|0x0000000088000000, 0x0000000088000000, 0x0000000088100000|  0%| F|  |TAMS 0x0000000088000000, 0x0000000088000000| Untracked 
|  89|0x0000000088100000, 0x0000000088100000, 0x0000000088200000|  0%| F|  |TAMS 0x0000000088100000, 0x0000000088100000| Untracked 
|  90|0x0000000088200000, 0x0000000088200000, 0x0000000088300000|  0%| F|  |TAMS 0x0000000088200000, 0x0000000088200000| Untracked 
|  91|0x0000000088300000, 0x0000000088300000, 0x0000000088400000|  0%| F|  |TAMS 0x0000000088300000, 0x0000000088300000| Untracked 
|  92|0x0000000088400000, 0x0000000088400000, 0x0000000088500000|  0%| F|  |TAMS 0x0000000088400000, 0x0000000088400000| Untracked 
|  93|0x0000000088500000, 0x0000000088500000, 0x0000000088600000|  0%| F|  |TAMS 0x0000000088500000, 0x0000000088500000| Untracked 
|  94|0x0000000088600000, 0x0000000088600000, 0x0000000088700000|  0%| F|  |TAMS 0x0000000088600000, 0x0000000088600000| Untracked 
|  95|0x0000000088700000, 0x0000000088700000, 0x0000000088800000|  0%| F|  |TAMS 0x0000000088700000, 0x0000000088700000| Untracked 
|  96|0x0000000088800000, 0x0000000088800000, 0x0000000088900000|  0%| F|  |TAMS 0x0000000088800000, 0x0000000088800000| Untracked 
|  97|0x0000000088900000, 0x0000000088900000, 0x0000000088a00000|  0%| F|  |TAMS 0x0000000088900000, 0x0000000088900000| Untracked 
|  98|0x0000000088a00000, 0x0000000088a00000, 0x0000000088b00000|  0%| F|  |TAMS 0x0000000088a00000, 0x0000000088a00000| Untracked 
|  99|0x0000000088b00000, 0x0000000088b00000, 0x0000000088c00000|  0%| F|  |TAMS 0x0000000088b00000, 0x0000000088b00000| Untracked 
| 100|0x0000000088c00000, 0x0000000088c00000, 0x0000000088d00000|  0%| F|  |TAMS 0x0000000088c00000, 0x0000000088c00000| Untracked 
| 101|0x0000000088d00000, 0x0000000088d00000, 0x0000000088e00000|  0%| F|  |TAMS 0x0000000088d00000, 0x0000000088d00000| Untracked 
| 102|0x0000000088e00000, 0x0000000088e00000, 0x0000000088f00000|  0%| F|  |TAMS 0x0000000088e00000, 0x0000000088e00000| Untracked 
| 103|0x0000000088f00000, 0x0000000088f00000, 0x0000000089000000|  0%| F|  |TAMS 0x0000000088f00000, 0x0000000088f00000| Untracked 
| 104|0x0000000089000000, 0x0000000089000000, 0x0000000089100000|  0%| F|  |TAMS 0x0000000089000000, 0x0000000089000000| Untracked 
| 105|0x0000000089100000, 0x0000000089100000, 0x0000000089200000|  0%| F|  |TAMS 0x0000000089100000, 0x0000000089100000| Untracked 
| 106|0x0000000089200000, 0x0000000089200000, 0x0000000089300000|  0%| F|  |TAMS 0x0000000089200000, 0x0000000089200000| Untracked 
| 107|0x0000000089300000, 0x0000000089300000, 0x0000000089400000|  0%| F|  |TAMS 0x0000000089300000, 0x0000000089300000| Untracked 
| 108|0x0000000089400000, 0x0000000089400000, 0x0000000089500000|  0%| F|  |TAMS 0x0000000089400000, 0x0000000089400000| Untracked 
| 109|0x0000000089500000, 0x0000000089500000, 0x0000000089600000|  0%| F|  |TAMS 0x0000000089500000, 0x0000000089500000| Untracked 
| 110|0x0000000089600000, 0x0000000089600000, 0x0000000089700000|  0%| F|  |TAMS 0x0000000089600000, 0x0000000089600000| Untracked 
| 111|0x0000000089700000, 0x0000000089700000, 0x0000000089800000|  0%| F|  |TAMS 0x0000000089700000, 0x0000000089700000| Untracked 
| 112|0x0000000089800000, 0x0000000089800000, 0x0000000089900000|  0%| F|  |TAMS 0x0000000089800000, 0x0000000089800000| Untracked 
| 113|0x0000000089900000, 0x0000000089900000, 0x0000000089a00000|  0%| F|  |TAMS 0x0000000089900000, 0x0000000089900000| Untracked 
| 114|0x0000000089a00000, 0x0000000089a00000, 0x0000000089b00000|  0%| F|  |TAMS 0x0000000089a00000, 0x0000000089a00000| Untracked 
| 115|0x0000000089b00000, 0x0000000089b00000, 0x0000000089c00000|  0%| F|  |TAMS 0x0000000089b00000, 0x0000000089b00000| Untracked 
| 116|0x0000000089c00000, 0x0000000089d00000, 0x0000000089d00000|100%| E|  |TAMS 0x0000000089c00000, 0x0000000089c00000| Complete 
| 117|0x0000000089d00000, 0x0000000089e00000, 0x0000000089e00000|100%| E|  |TAMS 0x0000000089d00000, 0x0000000089d00000| Complete 
| 118|0x0000000089e00000, 0x0000000089f00000, 0x0000000089f00000|100%| E|CS|TAMS 0x0000000089e00000, 0x0000000089e00000| Complete 
| 119|0x0000000089f00000, 0x000000008a000000, 0x000000008a000000|100%| E|CS|TAMS 0x0000000089f00000, 0x0000000089f00000| Complete 
| 120|0x000000008a000000, 0x000000008a100000, 0x000000008a100000|100%| E|CS|TAMS 0x000000008a000000, 0x000000008a000000| Complete 
| 121|0x000000008a100000, 0x000000008a200000, 0x000000008a200000|100%| E|CS|TAMS 0x000000008a100000, 0x000000008a100000| Complete 
| 122|0x000000008a200000, 0x000000008a300000, 0x000000008a300000|100%| E|CS|TAMS 0x000000008a200000, 0x000000008a200000| Complete 
| 123|0x000000008a300000, 0x000000008a400000, 0x000000008a400000|100%| E|CS|TAMS 0x000000008a300000, 0x000000008a300000| Complete 
| 124|0x000000008a400000, 0x000000008a500000, 0x000000008a500000|100%| E|CS|TAMS 0x000000008a400000, 0x000000008a400000| Complete 
| 125|0x000000008a500000, 0x000000008a600000, 0x000000008a600000|100%| E|CS|TAMS 0x000000008a500000, 0x000000008a500000| Complete 

Card table byte_map: [0x0000028bd2c20000,0x0000028bd3010000] _byte_map_base: 0x0000028bd280c000

Marking Bits (Prev, Next): (CMBitMap*) 0x0000028bbfa32b28, (CMBitMap*) 0x0000028bbfa32b60
 Prev Bits: [0x0000028bd3400000, 0x0000028bd5360000)
 Next Bits: [0x0000028bd5360000, 0x0000028bd72c0000)

Polling page: 0x0000028bbd9c0000

Metaspace:

Usage:
  Non-class:      7.16 MB capacity,     7.07 MB ( 99%) used,    81.95 KB (  1%) free+waste,     6.38 KB ( <1%) overhead. 
      Class:    785.00 KB capacity,   718.44 KB ( 92%) used,    63.63 KB (  8%) free+waste,     2.94 KB ( <1%) overhead. 
       Both:      7.92 MB capacity,     7.77 MB ( 98%) used,   145.58 KB (  2%) free+waste,     9.31 KB ( <1%) overhead. 

Virtual space:
  Non-class space:        8.00 MB reserved,       7.25 MB ( 91%) committed 
      Class space:        1.00 GB reserved,     896.00 KB ( <1%) committed 
             Both:        1.01 GB reserved,       8.13 MB ( <1%) committed 

Chunk freelists:
   Non-Class:  31.00 KB
       Class:  15.00 KB
        Both:  46.00 KB

MaxMetaspaceSize: 17179869184.00 GB
CompressedClassSpaceSize: 1.00 GB
Initial GC threshold: 20.80 MB
Current GC threshold: 20.80 MB
CDS: off

CodeHeap 'non-profiled nmethods': size=120000Kb used=139Kb max_used=139Kb free=119860Kb
 bounds [0x0000028bcafd0000, 0x0000028bcb240000, 0x0000028bd2500000]
CodeHeap 'profiled nmethods': size=120000Kb used=663Kb max_used=663Kb free=119336Kb
 bounds [0x0000028bc3aa0000, 0x0000028bc3d10000, 0x0000028bcafd0000]
CodeHeap 'non-nmethods': size=5760Kb used=1117Kb max_used=1131Kb free=4642Kb
 bounds [0x0000028bc3500000, 0x0000028bc3770000, 0x0000028bc3aa0000]
 total_blobs=813 nmethods=452 adapters=274
 compilation: enabled
              stopped_count=0, restarted_count=0
 full_count=0

Compilation events (20 events):
Event: 0.768 Thread 0x0000028bda68e000 nmethod 439 0x0000028bc3b3d090 code [0x0000028bc3b3d260, 0x0000028bc3b3d488]
Event: 0.768 Thread 0x0000028bda68e000  440       3       java.lang.StringLatin1::indexOf (121 bytes)
Event: 0.768 Thread 0x0000028bda68e000 nmethod 440 0x0000028bc3b3d590 code [0x0000028bc3b3d780, 0x0000028bc3b3dc58]
Event: 0.772 Thread 0x0000028bda68e000  441   !   3       java.util.zip.ZipFile$Source::readFullyAt (74 bytes)
Event: 0.772 Thread 0x0000028bda68e000 nmethod 441 0x0000028bc3b3de90 code [0x0000028bc3b3e0a0, 0x0000028bc3b3e728]
Event: 0.773 Thread 0x0000028bda68e000  442       3       java.util.ArrayDeque::inc (12 bytes)
Event: 0.773 Thread 0x0000028bda68e000 nmethod 442 0x0000028bc3b3eb10 code [0x0000028bc3b3ecc0, 0x0000028bc3b3edd8]
Event: 0.774 Thread 0x0000028bda68e000  443       3       java.util.Arrays::copyOf (40 bytes)
Event: 0.774 Thread 0x0000028bda68e000 nmethod 443 0x0000028bc3b3ee90 code [0x0000028bc3b3f0a0, 0x0000028bc3b3f748]
Event: 0.778 Thread 0x0000028bda68d000  444       4       java.lang.String::<init> (74 bytes)
Event: 0.778 Thread 0x0000028bda68e000  445       3       java.lang.ref.Cleaner::register (25 bytes)
Event: 0.779 Thread 0x0000028bda68e000 nmethod 445 0x0000028bc3b3f990 code [0x0000028bc3b3fba0, 0x0000028bc3b400c8]
Event: 0.779 Thread 0x0000028bda68e000  446       3       jdk.internal.ref.CleanerImpl$PhantomCleanableRef::<init> (12 bytes)
Event: 0.779 Thread 0x0000028bda68e000 nmethod 446 0x0000028bc3b40310 code [0x0000028bc3b404c0, 0x0000028bc3b40668]
Event: 0.784 Thread 0x0000028bda68d000 nmethod 444 0x0000028bcaff2590 code [0x0000028bcaff2740, 0x0000028bcaff2b58]
Event: 0.794 Thread 0x0000028bda68e000  447       3       java.io.File::isFile (43 bytes)
Event: 0.794 Thread 0x0000028bda68e000 nmethod 447 0x0000028bc3b40710 code [0x0000028bc3b40900, 0x0000028bc3b40ca8]
Event: 0.794 Thread 0x0000028bda68e000  448       3       java.io.File::<init> (113 bytes)
Event: 0.794 Thread 0x0000028bda68e000 nmethod 448 0x0000028bc3b40e10 code [0x0000028bc3b410c0, 0x0000028bc3b41a78]
Event: 0.813 Thread 0x0000028bda68d000  449       4       java.io.WinNTFileSystem::resolve (275 bytes)

GC Heap History (0 events):
No events

Deoptimization events (20 events):
Event: 0.359 Thread 0x0000028bbf9f2000 DEOPT PACKING pc=0x0000028bc3af0c8e sp=0x000000fe71ff6c90
Event: 0.359 Thread 0x0000028bbf9f2000 DEOPT UNPACKING pc=0x0000028bc354a95e sp=0x000000fe71ff6130 mode 0
Event: 0.359 Thread 0x0000028bbf9f2000 DEOPT PACKING pc=0x0000028bc3af133b sp=0x000000fe71ff6c60
Event: 0.359 Thread 0x0000028bbf9f2000 DEOPT UNPACKING pc=0x0000028bc354a95e sp=0x000000fe71ff6130 mode 0
Event: 0.359 Thread 0x0000028bbf9f2000 DEOPT PACKING pc=0x0000028bc3af0c8e sp=0x000000fe71ff6c90
Event: 0.359 Thread 0x0000028bbf9f2000 DEOPT UNPACKING pc=0x0000028bc354a95e sp=0x000000fe71ff6130 mode 0
Event: 0.360 Thread 0x0000028bbf9f2000 DEOPT PACKING pc=0x0000028bc3af133b sp=0x000000fe71ff6c60
Event: 0.360 Thread 0x0000028bbf9f2000 DEOPT UNPACKING pc=0x0000028bc354a95e sp=0x000000fe71ff6130 mode 0
Event: 0.478 Thread 0x0000028bbf9f2000 DEOPT PACKING pc=0x0000028bc3ad781b sp=0x000000fe71ffd590
Event: 0.478 Thread 0x0000028bbf9f2000 DEOPT UNPACKING pc=0x0000028bc354a95e sp=0x000000fe71ffca00 mode 0
Event: 0.531 Thread 0x0000028bbf9f2000 DEOPT PACKING pc=0x0000028bc3aec6db sp=0x000000fe71ffd770
Event: 0.531 Thread 0x0000028bbf9f2000 DEOPT UNPACKING pc=0x0000028bc354a95e sp=0x000000fe71ffcbe8 mode 0
Event: 0.532 Thread 0x0000028bbf9f2000 DEOPT PACKING pc=0x0000028bc3aec6db sp=0x000000fe71ffd770
Event: 0.532 Thread 0x0000028bbf9f2000 DEOPT UNPACKING pc=0x0000028bc354a95e sp=0x000000fe71ffcbe8 mode 0
Event: 0.535 Thread 0x0000028bbf9f2000 DEOPT PACKING pc=0x0000028bc3aec6db sp=0x000000fe71ffd770
Event: 0.535 Thread 0x0000028bbf9f2000 DEOPT UNPACKING pc=0x0000028bc354a95e sp=0x000000fe71ffcbe8 mode 0
Event: 0.535 Thread 0x0000028bbf9f2000 DEOPT PACKING pc=0x0000028bc3aec6db sp=0x000000fe71ffd770
Event: 0.535 Thread 0x0000028bbf9f2000 DEOPT UNPACKING pc=0x0000028bc354a95e sp=0x000000fe71ffcbe8 mode 0
Event: 0.681 Thread 0x0000028bbf9f2000 DEOPT PACKING pc=0x0000028bc3af5588 sp=0x000000fe71ffd440
Event: 0.681 Thread 0x0000028bbf9f2000 DEOPT UNPACKING pc=0x0000028bc354a95e sp=0x000000fe71ffc910 mode 0

Classes redefined (0 events):
No events

Internal exceptions (3 events):
Event: 0.220 Thread 0x0000028bbf9f2000 Exception <a 'java/lang/NoSuchMethodError'{0x000000008a49dae0}: 'int java.lang.invoke.DirectMethodHandle$Holder.invokeSpecialIFC(java.lang.Object, java.lang.Object, int)'> (0x000000008a49dae0) thrown at [./src/hotspot/share/interpreter/linkResolver.cpp, line 773]
Event: 0.375 Thread 0x0000028bbf9f2000 Exception <a 'java/lang/NoSuchMethodError'{0x000000008a26f1d8}: 'int java.lang.invoke.DirectMethodHandle$Holder.invokeStaticInit(java.lang.Object, java.lang.Object)'> (0x000000008a26f1d8) thrown at [./src/hotspot/share/interpreter/linkResolver.cpp, line 773]
Event: 0.536 Thread 0x0000028bbf9f2000 Exception <a 'java/lang/NoSuchMethodError'{0x000000008a140678}: 'int java.lang.invoke.DirectMethodHandle$Holder.invokeSpecial(java.lang.Object, java.lang.Object, java.lang.Object, java.lang.Object)'> (0x000000008a140678) thrown at [./src/hotspot/share/interpreter/linkResolver.cpp, line 773]

Events (20 events):
Event: 0.512 loading class org/gradle/internal/service/ServiceLookupException
Event: 0.512 loading class org/gradle/internal/service/ServiceLookupException done
Event: 0.513 loading class org/gradle/internal/service/CachingServiceLocator
Event: 0.513 loading class org/gradle/internal/service/CachingServiceLocator done
Event: 0.532 loading class org/gradle/api/internal/classpath/DefaultModuleRegistry$DefaultModule
Event: 0.532 loading class org/gradle/api/internal/classpath/DefaultModuleRegistry$DefaultModule done
Event: 0.533 loading class java/util/Collections$1
Event: 0.533 loading class java/util/Collections$1 done
Event: 0.536 loading class org/gradle/api/internal/classpath/DefaultModuleRegistry
Event: 0.536 loading class org/gradle/api/internal/classpath/DefaultModuleRegistry done
Event: 0.540 loading class java/lang/invoke/DirectMethodHandle$Constructor
Event: 0.540 loading class java/lang/invoke/DirectMethodHandle$Constructor done
Event: 0.541 loading class org/gradle/util/internal/GUtil
Event: 0.541 loading class org/gradle/util/internal/GUtil done
Event: 0.543 loading class org/gradle/api/Transformer
Event: 0.543 loading class org/gradle/api/Transformer done
Event: 0.544 loading class org/gradle/internal/IoActions
Event: 0.544 loading class org/gradle/internal/IoActions done
Event: 0.545 loading class org/gradle/api/Action
Event: 0.545 loading class org/gradle/api/Action done


Dynamic libraries:
0x00007ff6520f0000 - 0x00007ff6520fa000 	C:\Program Files\Android\Android Studio\jre\bin\java.exe
0x00007ffa68000000 - 0x00007ffa68209000 	C:\WINDOWS\SYSTEM32\ntdll.dll
0x00007ffa66e00000 - 0x00007ffa66ebd000 	C:\WINDOWS\System32\KERNEL32.DLL
0x00007ffa658f0000 - 0x00007ffa65c6c000 	C:\WINDOWS\System32\KERNELBASE.dll
0x00007ffa65580000 - 0x00007ffa65691000 	C:\WINDOWS\System32\ucrtbase.dll
0x00007ffa5f100000 - 0x00007ffa5f117000 	C:\Program Files\Android\Android Studio\jre\bin\VCRUNTIME140.dll
0x00007ffa4b9e0000 - 0x00007ffa4b9f9000 	C:\Program Files\Android\Android Studio\jre\bin\jli.dll
0x00007ffa677a0000 - 0x00007ffa6794d000 	C:\WINDOWS\System32\USER32.dll
0x00007ffa4c710000 - 0x00007ffa4c9b5000 	C:\WINDOWS\WinSxS\amd64_microsoft.windows.common-controls_6595b64144ccf1df_6.0.22000.120_none_9d947278b86cc467\COMCTL32.dll
0x00007ffa65c70000 - 0x00007ffa65c96000 	C:\WINDOWS\System32\win32u.dll
0x00007ffa66220000 - 0x00007ffa66249000 	C:\WINDOWS\System32\GDI32.dll
0x00007ffa66c60000 - 0x00007ffa66d03000 	C:\WINDOWS\System32\msvcrt.dll
0x00007ffa656a0000 - 0x00007ffa657b9000 	C:\WINDOWS\System32\gdi32full.dll
0x00007ffa654e0000 - 0x00007ffa6557d000 	C:\WINDOWS\System32\msvcp_win.dll
0x00007ffa67360000 - 0x00007ffa67391000 	C:\WINDOWS\System32\IMM32.DLL
0x00007ffa3be90000 - 0x00007ffa3bf2d000 	C:\Program Files\Android\Android Studio\jre\bin\msvcp140.dll
0x00007ff9ecaa0000 - 0x00007ff9ed585000 	C:\Program Files\Android\Android Studio\jre\bin\server\jvm.dll
0x00007ffa66a10000 - 0x00007ffa66abe000 	C:\WINDOWS\System32\ADVAPI32.dll
0x00007ffa67570000 - 0x00007ffa6760e000 	C:\WINDOWS\System32\sechost.dll
0x00007ffa66ec0000 - 0x00007ffa66fe0000 	C:\WINDOWS\System32\RPCRT4.dll
0x00007ffa67fb0000 - 0x00007ffa67fb8000 	C:\WINDOWS\System32\PSAPI.DLL
0x00007ffa4c9c0000 - 0x00007ffa4c9c9000 	C:\WINDOWS\SYSTEM32\WSOCK32.dll
0x00007ffa602f0000 - 0x00007ffa602fa000 	C:\WINDOWS\SYSTEM32\VERSION.dll
0x00007ffa60c30000 - 0x00007ffa60c63000 	C:\WINDOWS\SYSTEM32\WINMM.dll
0x00007ffa67610000 - 0x00007ffa6767f000 	C:\WINDOWS\System32\WS2_32.dll
0x00007ffa645d0000 - 0x00007ffa645e8000 	C:\WINDOWS\SYSTEM32\kernel.appcore.dll
0x00007ffa4b9c0000 - 0x00007ffa4b9d1000 	C:\Program Files\Android\Android Studio\jre\bin\verify.dll
0x00007ffa626f0000 - 0x00007ffa62911000 	C:\WINDOWS\SYSTEM32\DBGHELP.DLL
0x00007ffa5fb80000 - 0x00007ffa5fbb1000 	C:\WINDOWS\SYSTEM32\dbgcore.DLL
0x00007ffa65ca0000 - 0x00007ffa65d1f000 	C:\WINDOWS\System32\bcryptPrimitives.dll
0x00007ffa492e0000 - 0x00007ffa49309000 	C:\Program Files\Android\Android Studio\jre\bin\java.dll
0x00007ffa61830000 - 0x00007ffa6183b000 	C:\Program Files\Android\Android Studio\jre\bin\jimage.dll
0x00007ffa492c0000 - 0x00007ffa492d8000 	C:\Program Files\Android\Android Studio\jre\bin\zip.dll
0x00007ffa66250000 - 0x00007ffa66a08000 	C:\WINDOWS\System32\SHELL32.dll
0x00007ffa63640000 - 0x00007ffa63ea8000 	C:\WINDOWS\SYSTEM32\windows.storage.dll
0x00007ffa65ea0000 - 0x00007ffa66219000 	C:\WINDOWS\System32\combase.dll
0x00007ffa634d0000 - 0x00007ffa63636000 	C:\WINDOWS\SYSTEM32\wintypes.dll
0x00007ffa67a50000 - 0x00007ffa67b3a000 	C:\WINDOWS\System32\SHCORE.dll
0x00007ffa67220000 - 0x00007ffa6727d000 	C:\WINDOWS\System32\shlwapi.dll
0x00007ffa65410000 - 0x00007ffa65431000 	C:\WINDOWS\SYSTEM32\profapi.dll
0x00007ffa44930000 - 0x00007ffa4494a000 	C:\Program Files\Android\Android Studio\jre\bin\net.dll
0x00007ffa60b20000 - 0x00007ffa60c2c000 	C:\WINDOWS\SYSTEM32\WINHTTP.dll
0x00007ffa64a00000 - 0x00007ffa64a67000 	C:\WINDOWS\system32\mswsock.dll
0x00007ffa44080000 - 0x00007ffa44094000 	C:\Program Files\Android\Android Studio\jre\bin\nio.dll

dbghelp: loaded successfully - version: 4.0.5 - missing functions: none
symbol engine: initialized successfully - sym options: 0x614 - pdb path: .;C:\Program Files\Android\Android Studio\jre\bin;C:\WINDOWS\SYSTEM32;C:\WINDOWS\WinSxS\amd64_microsoft.windows.common-controls_6595b64144ccf1df_6.0.22000.120_none_9d947278b86cc467;C:\Program Files\Android\Android Studio\jre\bin\server

VM Arguments:
jvm_args: -Dorg.gradle.appname=gradlew 
java_command: org.gradle.wrapper.GradleWrapperMain -q -Ptarget-platform=android-x86 -Ptarget=C:\Users\TUSHAR JAIN\notes\lib\main.dart -Pbase-application-name=android.app.Application -Pdart-defines=RkxVVFRFUl9XRUJfQVVUT19ERVRFQ1Q9dHJ1ZQ== -Pdart-obfuscation=false -Ptrack-widget-creation=true -Ptree-shake-icons=false -Pfilesystem-scheme=org-dartlang-root assembleDebug
java_class_path (initial): C:\Users\TUSHAR JAIN\notes\android\\gradle\wrapper\gradle-wrapper.jar
Launcher Type: SUN_STANDARD

[Global flags]
     intx CICompilerCount                          = 4                                         {product} {ergonomic}
     uint ConcGCThreads                            = 2                                         {product} {ergonomic}
     uint G1ConcRefinementThreads                  = 8                                         {product} {ergonomic}
   size_t G1HeapRegionSize                         = 1048576                                   {product} {ergonomic}
    uintx GCDrainStackTargetSize                   = 64                                        {product} {ergonomic}
   size_t InitialHeapSize                          = 132120576                                 {product} {ergonomic}
   size_t MarkStackSize                            = 4194304                                   {product} {ergonomic}
   size_t MaxHeapSize                              = 2105540608                                {product} {ergonomic}
   size_t MaxNewSize                               = 1262485504                                {product} {ergonomic}
   size_t MinHeapDeltaBytes                        = 1048576                                   {product} {ergonomic}
    uintx NonNMethodCodeHeapSize                   = 5836300                                {pd product} {ergonomic}
    uintx NonProfiledCodeHeapSize                  = 122910970                              {pd product} {ergonomic}
    uintx ProfiledCodeHeapSize                     = 122910970                              {pd product} {ergonomic}
    uintx ReservedCodeCacheSize                    = 251658240                              {pd product} {ergonomic}
     bool SegmentedCodeCache                       = true                                      {product} {ergonomic}
     bool UseCompressedClassPointers               = true                                 {lp64_product} {ergonomic}
     bool UseCompressedOops                        = true                                 {lp64_product} {ergonomic}
     bool UseG1GC                                  = true                                      {product} {ergonomic}
     bool UseLargePagesIndividualAllocation        = false                                  {pd product} {ergonomic}

Logging:
Log output configuration:
 #0: stdout all=warning uptime,level,tags
 #1: stderr all=off uptime,level,tags

Environment Variables:
JAVA_HOME=C:\Program Files\Android\Android Studio\jre
CLASSPATH=C:\Users\TUSHAR JAIN\notes\android\\gradle\wrapper\gradle-wrapper.jar
PATH=C:\Program Files\Microsoft\jdk-11.0.12.7-hotspot\bin;C:\Windows\system32;C:\Windows;C:\Windows\System32\Wbem;C:\Windows\System32\WindowsPowerShell\v1.0\;C:\Windows\System32\OpenSSH\;C:\Program Files (x86)\NVIDIA Corporation\PhysX\Common;C:\Program Files\NVIDIA Corporation\NVIDIA NvDLISR;C:\WINDOWS\system32;C:\WINDOWS;C:\WINDOWS\System32\Wbem;C:\WINDOWS\System32\WindowsPowerShell\v1.0\;C:\WINDOWS\System32\OpenSSH\;C:\MinGW\bin;C:\Program Files\Git\cmd;C:\MinGW\bin;C:\Program Files\dotnet\;C:\Program Files\platform-tools;C:\Users\TUSHAR JAIN\homebrew\;C:\Program Files\nodejs\;C:\Users\TUSHAR JAIN\AppData\Local\Pub\Cache\bin;C:\Users\TUSHAR JAIN\AppData\Local\Microsoft\WindowsApps;C:\Program Files (x86)\Brackets\;C:\src\flutter\bin;C:\Users\TUSHAR JAIN\AppData\Local\Programs\Microsoft VS Code\bin;C:\Users\TUSHAR JAIN\.dotnet\tools;C:\Users\TUSHAR JAIN\AppData\Roaming\npm;C:\src\flutter\bin\mingit\cmd
USERNAME=TUSHAR JAIN
OS=Windows_NT
PROCESSOR_IDENTIFIER=Intel64 Family 6 Model 142 Stepping 12, GenuineIntel



---------------  S Y S T E M  ---------------

OS: Windows 10 , 64 bit Build 22000 (10.0.22000.708)
OS uptime: 5 days 11:07 hours

CPU:total 8 (initial active 8) (4 cores per cpu, 2 threads per core) family 6 model 142 stepping 12 microcode 0xf0, cmov, cx8, fxsr, mmx, sse, sse2, sse3, ssse3, sse4.1, sse4.2, popcnt, avx, avx2, aes, clmul, erms, 3dnowpref, lzcnt, ht, tsc, tscinvbit, bmi1, bmi2, adx, fma

Memory: 4k page, system-wide physical 8025M (83M free)
TotalPageFile size 32601M (AvailPageFile size 0M)
current process WorkingSet (physical memory assigned to process): 52M, peak: 52M
current process commit charge ("private bytes"): 208M, peak: 208M

vm_info: OpenJDK 64-Bit Server VM (11.0.12+7-b1504.28-7817840) for windows-amd64 JRE (11.0.12+7-b1504.28-7817840), built on Oct 13 2021 22:12:33 by "builder" with MS VC++ 14.0 (VS2015)

END.
