#
# There is insufficient memory for the Java Runtime Environment to continue.
# Native memory allocation (malloc) failed to allocate 67264 bytes for Chunk::new
# Possible reasons:
#   The system is out of physical RAM or swap space
#   The process is running with CompressedOops enabled, and the Java Heap may be blocking the growth of the native heap
# Possible solutions:
#   Reduce memory load on the system
#   Increase physical memory or swap space
#   Check if swap backing store is full
#   Decrease Java heap size (-Xmx/-Xms)
#   Decrease number of Java threads
#   Decrease Java thread stack sizes (-Xss)
#   Set larger code cache with -XX:ReservedCodeCacheSize=
#   JVM is running with Unscaled Compressed Oops mode in which the Java heap is
#     placed in the first 4GB address space. The Java Heap base address is the
#     maximum limit for the native heap growth. Please use -XX:HeapBaseMinAddress
#     to set the Java Heap base and to place the Java Heap above 4GB virtual address.
# This output file may be truncated or incomplete.
#
#  Out of Memory Error (./src/hotspot/share/memory/arena.cpp:197), pid=92408, tid=89456
#
# JRE version: OpenJDK Runtime Environment (11.0.12+7) (build 11.0.12+7-b1504.28-7817840)
# Java VM: OpenJDK 64-Bit Server VM (11.0.12+7-b1504.28-7817840, mixed mode, tiered, compressed oops, g1 gc, windows-amd64)
# No core dump will be written. Minidumps are not enabled by default on client versions of Windows
#

---------------  S U M M A R Y ------------

Command Line: -Dorg.gradle.appname=gradlew org.gradle.wrapper.GradleWrapperMain -q -Ptarget-platform=android-x86 -Ptarget=C:\Users\TUSHAR JAIN\notes\lib\main.dart -Pbase-application-name=android.app.Application -Pdart-defines=RkxVVFRFUl9XRUJfQVVUT19ERVRFQ1Q9dHJ1ZQ== -Pdart-obfuscation=false -Ptrack-widget-creation=true -Ptree-shake-icons=false -Pfilesystem-scheme=org-dartlang-root assembleDebug

Host: Intel(R) Core(TM) i5-10210U CPU @ 1.60GHz, 8 cores, 7G,  Windows 10 , 64 bit Build 22000 (10.0.22000.708)
Time: Mon Sep 19 19:25:37 2022 India Standard Time elapsed time: 7.300215 seconds (0d 0h 0m 7s)

---------------  T H R E A D  ---------------

Current thread (0x0000016f5126f800):  JavaThread "C2 CompilerThread0" daemon [_thread_in_native, id=89456, stack(0x0000002b0b000000,0x0000002b0b100000)]


Current CompileTask:
C2:   7300 1159 %     4       sun.security.provider.SHA::implCompress0 @ 3 (482 bytes)

Stack: [0x0000002b0b000000,0x0000002b0b100000]
Native frames: (J=compiled Java code, j=interpreted, Vv=VM code, C=native code)
V  [jvm.dll+0x5fbcea]
V  [jvm.dll+0x731905]
V  [jvm.dll+0x732f1d]
V  [jvm.dll+0x7335d3]
V  [jvm.dll+0x247bf8]
V  [jvm.dll+0xc018c]
V  [jvm.dll+0xc06cc]
V  [jvm.dll+0xc02cc]
V  [jvm.dll+0x65806c]
V  [jvm.dll+0x518664]
V  [jvm.dll+0x502628]
V  [jvm.dll+0x504c52]
V  [jvm.dll+0x50d698]
V  [jvm.dll+0x506f00]
V  [jvm.dll+0x50a18c]
V  [jvm.dll+0x509ebb]
V  [jvm.dll+0x509e36]
V  [jvm.dll+0x509f07]
V  [jvm.dll+0x511978]
V  [jvm.dll+0x208303]
V  [jvm.dll+0x201fe0]
V  [jvm.dll+0x1ff71f]
V  [jvm.dll+0x18868c]
V  [jvm.dll+0x20e0d7]
V  [jvm.dll+0x20c901]
V  [jvm.dll+0x6f9b7f]
V  [jvm.dll+0x6f26a5]
V  [jvm.dll+0x5fabf6]
C  [ucrtbase.dll+0x26c0c]
C  [KERNEL32.DLL+0x154e0]
C  [ntdll.dll+0x485b]


---------------  P R O C E S S  ---------------

Threads class SMR info:
_java_thread_list=0x0000016f52048d00, length=11, elements={
0x0000016f34610800, 0x0000016f508b8800, 0x0000016f508e5000, 0x0000016f51268800,
0x0000016f5126d000, 0x0000016f5126e000, 0x0000016f5126f800, 0x0000016f51270800,
0x0000016f51273000, 0x0000016f513c0000, 0x0000016f5247b800
}

Java Threads: ( => current thread )
  0x0000016f34610800 JavaThread "main" [_thread_in_native, id=49028, stack(0x0000002b0a400000,0x0000002b0a500000)]
  0x0000016f508b8800 JavaThread "Reference Handler" daemon [_thread_blocked, id=93032, stack(0x0000002b0ab00000,0x0000002b0ac00000)]
  0x0000016f508e5000 JavaThread "Finalizer" daemon [_thread_blocked, id=90016, stack(0x0000002b0ac00000,0x0000002b0ad00000)]
  0x0000016f51268800 JavaThread "Signal Dispatcher" daemon [_thread_blocked, id=87532, stack(0x0000002b0ad00000,0x0000002b0ae00000)]
  0x0000016f5126d000 JavaThread "Attach Listener" daemon [_thread_blocked, id=75396, stack(0x0000002b0ae00000,0x0000002b0af00000)]
  0x0000016f5126e000 JavaThread "Service Thread" daemon [_thread_blocked, id=76696, stack(0x0000002b0af00000,0x0000002b0b000000)]
=>0x0000016f5126f800 JavaThread "C2 CompilerThread0" daemon [_thread_in_native, id=89456, stack(0x0000002b0b000000,0x0000002b0b100000)]
  0x0000016f51270800 JavaThread "C1 CompilerThread0" daemon [_thread_blocked, id=60300, stack(0x0000002b0b100000,0x0000002b0b200000)]
  0x0000016f51273000 JavaThread "Sweeper thread" daemon [_thread_blocked, id=92356, stack(0x0000002b0b200000,0x0000002b0b300000)]
  0x0000016f513c0000 JavaThread "Common-Cleaner" daemon [_thread_blocked, id=84944, stack(0x0000002b0b400000,0x0000002b0b500000)]
  0x0000016f5247b800 JavaThread "pool-1-thread-1" [_thread_blocked, id=85432, stack(0x0000002b0b700000,0x0000002b0b800000)]

Other Threads:
  0x0000016f508b7000 VMThread "VM Thread" [stack: 0x0000002b0aa00000,0x0000002b0ab00000] [id=83404]
  0x0000016f513bb800 WatcherThread [stack: 0x0000002b0b300000,0x0000002b0b400000] [id=91296]
  0x0000016f34626000 GCTaskThread "GC Thread#0" [stack: 0x0000002b0a500000,0x0000002b0a600000] [id=83784]
  0x0000016f524db800 GCTaskThread "GC Thread#1" [stack: 0x0000002b0b500000,0x0000002b0b600000] [id=70920]
  0x0000016f52074800 GCTaskThread "GC Thread#2" [stack: 0x0000002b0b600000,0x0000002b0b700000] [id=86708]
  0x0000016f34658800 ConcurrentGCThread "G1 Main Marker" [stack: 0x0000002b0a600000,0x0000002b0a700000] [id=68380]
  0x0000016f3465a800 ConcurrentGCThread "G1 Conc#0" [stack: 0x0000002b0a700000,0x0000002b0a800000] [id=85652]
  0x0000016f50720800 ConcurrentGCThread "G1 Refine#0" [stack: 0x0000002b0a800000,0x0000002b0a900000] [id=91380]
  0x0000016f50723000 ConcurrentGCThread "G1 Young RemSet Sampling" [stack: 0x0000002b0a900000,0x0000002b0aa00000] [id=92944]

Threads with active compile tasks:
C2 CompilerThread0   7381 1159 %     4       sun.security.provider.SHA::implCompress0 @ 3 (482 bytes)

VM state:not at safepoint (normal execution)

VM Mutex/Monitor currently owned by a thread: None

Heap address: 0x0000000082800000, size: 2008 MB, Compressed Oops mode: 32-bit
Narrow klass base: 0x0000000000000000, Narrow klass shift: 3
Compressed class space size: 1073741824 Address: 0x0000000100000000

Heap:
 garbage-first heap   total 129024K, used 23689K [0x0000000082800000, 0x0000000100000000)
  region size 1024K, 18 young (18432K), 3 survivors (3072K)
 Metaspace       used 14135K, capacity 14465K, committed 14592K, reserved 1064960K
  class space    used 1627K, capacity 1739K, committed 1792K, reserved 1048576K
Heap Regions: E=young(eden), S=young(survivor), O=old, HS=humongous(starts), HC=humongous(continues), CS=collection set, F=free, A=archive, TAMS=top-at-mark-start (previous, next)
|   0|0x0000000082800000, 0x0000000082800000, 0x0000000082900000|  0%| F|  |TAMS 0x0000000082800000, 0x0000000082800000| Untracked 
|   1|0x0000000082900000, 0x0000000082900000, 0x0000000082a00000|  0%| F|  |TAMS 0x0000000082900000, 0x0000000082900000| Untracked 
|   2|0x0000000082a00000, 0x0000000082a00000, 0x0000000082b00000|  0%| F|  |TAMS 0x0000000082a00000, 0x0000000082a00000| Untracked 
|   3|0x0000000082b00000, 0x0000000082c00000, 0x0000000082c00000|100%|HS|  |TAMS 0x0000000082b00000, 0x0000000082b00000| Complete 
|   4|0x0000000082c00000, 0x0000000082d00000, 0x0000000082d00000|100%|HC|  |TAMS 0x0000000082c00000, 0x0000000082c00000| Complete 
|   5|0x0000000082d00000, 0x0000000082e00000, 0x0000000082e00000|100%|HC|  |TAMS 0x0000000082d00000, 0x0000000082d00000| Complete 
|   6|0x0000000082e00000, 0x0000000082f00000, 0x0000000082f00000|100%| O|  |TAMS 0x0000000082e00000, 0x0000000082e00000| Untracked 
|   7|0x0000000082f00000, 0x0000000083000000, 0x0000000083000000|100%| O|  |TAMS 0x0000000082f00000, 0x0000000082f00000| Untracked 
|   8|0x0000000083000000, 0x0000000083100000, 0x0000000083100000|100%| O|  |TAMS 0x0000000083000000, 0x0000000083000000| Untracked 
|   9|0x0000000083100000, 0x0000000083122600, 0x0000000083200000| 13%| O|  |TAMS 0x0000000083100000, 0x0000000083100000| Untracked 
|  10|0x0000000083200000, 0x0000000083200000, 0x0000000083300000|  0%| F|  |TAMS 0x0000000083200000, 0x0000000083200000| Untracked 
|  11|0x0000000083300000, 0x0000000083300000, 0x0000000083400000|  0%| F|  |TAMS 0x0000000083300000, 0x0000000083300000| Untracked 
|  12|0x0000000083400000, 0x0000000083400000, 0x0000000083500000|  0%| F|  |TAMS 0x0000000083400000, 0x0000000083400000| Untracked 
|  13|0x0000000083500000, 0x0000000083500000, 0x0000000083600000|  0%| F|  |TAMS 0x0000000083500000, 0x0000000083500000| Untracked 
|  14|0x0000000083600000, 0x0000000083600000, 0x0000000083700000|  0%| F|  |TAMS 0x0000000083600000, 0x0000000083600000| Untracked 
|  15|0x0000000083700000, 0x0000000083700000, 0x0000000083800000|  0%| F|  |TAMS 0x0000000083700000, 0x0000000083700000| Untracked 
|  16|0x0000000083800000, 0x0000000083800000, 0x0000000083900000|  0%| F|  |TAMS 0x0000000083800000, 0x0000000083800000| Untracked 
|  17|0x0000000083900000, 0x0000000083900000, 0x0000000083a00000|  0%| F|  |TAMS 0x0000000083900000, 0x0000000083900000| Untracked 
|  18|0x0000000083a00000, 0x0000000083a00000, 0x0000000083b00000|  0%| F|  |TAMS 0x0000000083a00000, 0x0000000083a00000| Untracked 
|  19|0x0000000083b00000, 0x0000000083b00000, 0x0000000083c00000|  0%| F|  |TAMS 0x0000000083b00000, 0x0000000083b00000| Untracked 
|  20|0x0000000083c00000, 0x0000000083c00000, 0x0000000083d00000|  0%| F|  |TAMS 0x0000000083c00000, 0x0000000083c00000| Untracked 
|  21|0x0000000083d00000, 0x0000000083d00000, 0x0000000083e00000|  0%| F|  |TAMS 0x0000000083d00000, 0x0000000083d00000| Untracked 
|  22|0x0000000083e00000, 0x0000000083e00000, 0x0000000083f00000|  0%| F|  |TAMS 0x0000000083e00000, 0x0000000083e00000| Untracked 
|  23|0x0000000083f00000, 0x0000000083f00000, 0x0000000084000000|  0%| F|  |TAMS 0x0000000083f00000, 0x0000000083f00000| Untracked 
|  24|0x0000000084000000, 0x0000000084000000, 0x0000000084100000|  0%| F|  |TAMS 0x0000000084000000, 0x0000000084000000| Untracked 
|  25|0x0000000084100000, 0x0000000084100000, 0x0000000084200000|  0%| F|  |TAMS 0x0000000084100000, 0x0000000084100000| Untracked 
|  26|0x0000000084200000, 0x0000000084200000, 0x0000000084300000|  0%| F|  |TAMS 0x0000000084200000, 0x0000000084200000| Untracked 
|  27|0x0000000084300000, 0x0000000084300000, 0x0000000084400000|  0%| F|  |TAMS 0x0000000084300000, 0x0000000084300000| Untracked 
|  28|0x0000000084400000, 0x0000000084400000, 0x0000000084500000|  0%| F|  |TAMS 0x0000000084400000, 0x0000000084400000| Untracked 
|  29|0x0000000084500000, 0x0000000084500000, 0x0000000084600000|  0%| F|  |TAMS 0x0000000084500000, 0x0000000084500000| Untracked 
|  30|0x0000000084600000, 0x0000000084600000, 0x0000000084700000|  0%| F|  |TAMS 0x0000000084600000, 0x0000000084600000| Untracked 
|  31|0x0000000084700000, 0x0000000084700000, 0x0000000084800000|  0%| F|  |TAMS 0x0000000084700000, 0x0000000084700000| Untracked 
|  32|0x0000000084800000, 0x0000000084800000, 0x0000000084900000|  0%| F|  |TAMS 0x0000000084800000, 0x0000000084800000| Untracked 
|  33|0x0000000084900000, 0x0000000084900000, 0x0000000084a00000|  0%| F|  |TAMS 0x0000000084900000, 0x0000000084900000| Untracked 
|  34|0x0000000084a00000, 0x0000000084a00000, 0x0000000084b00000|  0%| F|  |TAMS 0x0000000084a00000, 0x0000000084a00000| Untracked 
|  35|0x0000000084b00000, 0x0000000084b00000, 0x0000000084c00000|  0%| F|  |TAMS 0x0000000084b00000, 0x0000000084b00000| Untracked 
|  36|0x0000000084c00000, 0x0000000084c00000, 0x0000000084d00000|  0%| F|  |TAMS 0x0000000084c00000, 0x0000000084c00000| Untracked 
|  37|0x0000000084d00000, 0x0000000084d00000, 0x0000000084e00000|  0%| F|  |TAMS 0x0000000084d00000, 0x0000000084d00000| Untracked 
|  38|0x0000000084e00000, 0x0000000084e00000, 0x0000000084f00000|  0%| F|  |TAMS 0x0000000084e00000, 0x0000000084e00000| Untracked 
|  39|0x0000000084f00000, 0x0000000084f00000, 0x0000000085000000|  0%| F|  |TAMS 0x0000000084f00000, 0x0000000084f00000| Untracked 
|  40|0x0000000085000000, 0x0000000085000000, 0x0000000085100000|  0%| F|  |TAMS 0x0000000085000000, 0x0000000085000000| Untracked 
|  41|0x0000000085100000, 0x0000000085100000, 0x0000000085200000|  0%| F|  |TAMS 0x0000000085100000, 0x0000000085100000| Untracked 
|  42|0x0000000085200000, 0x0000000085200000, 0x0000000085300000|  0%| F|  |TAMS 0x0000000085200000, 0x0000000085200000| Untracked 
|  43|0x0000000085300000, 0x0000000085300000, 0x0000000085400000|  0%| F|  |TAMS 0x0000000085300000, 0x0000000085300000| Untracked 
|  44|0x0000000085400000, 0x0000000085400000, 0x0000000085500000|  0%| F|  |TAMS 0x0000000085400000, 0x0000000085400000| Untracked 
|  45|0x0000000085500000, 0x0000000085500000, 0x0000000085600000|  0%| F|  |TAMS 0x0000000085500000, 0x0000000085500000| Untracked 
|  46|0x0000000085600000, 0x0000000085600000, 0x0000000085700000|  0%| F|  |TAMS 0x0000000085600000, 0x0000000085600000| Untracked 
|  47|0x0000000085700000, 0x0000000085700000, 0x0000000085800000|  0%| F|  |TAMS 0x0000000085700000, 0x0000000085700000| Untracked 
|  48|0x0000000085800000, 0x0000000085800000, 0x0000000085900000|  0%| F|  |TAMS 0x0000000085800000, 0x0000000085800000| Untracked 
|  49|0x0000000085900000, 0x0000000085900000, 0x0000000085a00000|  0%| F|  |TAMS 0x0000000085900000, 0x0000000085900000| Untracked 
|  50|0x0000000085a00000, 0x0000000085a00000, 0x0000000085b00000|  0%| F|  |TAMS 0x0000000085a00000, 0x0000000085a00000| Untracked 
|  51|0x0000000085b00000, 0x0000000085b00000, 0x0000000085c00000|  0%| F|  |TAMS 0x0000000085b00000, 0x0000000085b00000| Untracked 
|  52|0x0000000085c00000, 0x0000000085c00000, 0x0000000085d00000|  0%| F|  |TAMS 0x0000000085c00000, 0x0000000085c00000| Untracked 
|  53|0x0000000085d00000, 0x0000000085d00000, 0x0000000085e00000|  0%| F|  |TAMS 0x0000000085d00000, 0x0000000085d00000| Untracked 
|  54|0x0000000085e00000, 0x0000000085e00000, 0x0000000085f00000|  0%| F|  |TAMS 0x0000000085e00000, 0x0000000085e00000| Untracked 
|  55|0x0000000085f00000, 0x0000000085f00000, 0x0000000086000000|  0%| F|  |TAMS 0x0000000085f00000, 0x0000000085f00000| Untracked 
|  56|0x0000000086000000, 0x0000000086000000, 0x0000000086100000|  0%| F|  |TAMS 0x0000000086000000, 0x0000000086000000| Untracked 
|  57|0x0000000086100000, 0x0000000086100000, 0x0000000086200000|  0%| F|  |TAMS 0x0000000086100000, 0x0000000086100000| Untracked 
|  58|0x0000000086200000, 0x0000000086200000, 0x0000000086300000|  0%| F|  |TAMS 0x0000000086200000, 0x0000000086200000| Untracked 
|  59|0x0000000086300000, 0x0000000086300000, 0x0000000086400000|  0%| F|  |TAMS 0x0000000086300000, 0x0000000086300000| Untracked 
|  60|0x0000000086400000, 0x0000000086400000, 0x0000000086500000|  0%| F|  |TAMS 0x0000000086400000, 0x0000000086400000| Untracked 
|  61|0x0000000086500000, 0x0000000086500000, 0x0000000086600000|  0%| F|  |TAMS 0x0000000086500000, 0x0000000086500000| Untracked 
|  62|0x0000000086600000, 0x0000000086600000, 0x0000000086700000|  0%| F|  |TAMS 0x0000000086600000, 0x0000000086600000| Untracked 
|  63|0x0000000086700000, 0x0000000086700000, 0x0000000086800000|  0%| F|  |TAMS 0x0000000086700000, 0x0000000086700000| Untracked 
|  64|0x0000000086800000, 0x0000000086800000, 0x0000000086900000|  0%| F|  |TAMS 0x0000000086800000, 0x0000000086800000| Untracked 
|  65|0x0000000086900000, 0x0000000086900000, 0x0000000086a00000|  0%| F|  |TAMS 0x0000000086900000, 0x0000000086900000| Untracked 
|  66|0x0000000086a00000, 0x0000000086a00000, 0x0000000086b00000|  0%| F|  |TAMS 0x0000000086a00000, 0x0000000086a00000| Untracked 
|  67|0x0000000086b00000, 0x0000000086b00000, 0x0000000086c00000|  0%| F|  |TAMS 0x0000000086b00000, 0x0000000086b00000| Untracked 
|  68|0x0000000086c00000, 0x0000000086c00000, 0x0000000086d00000|  0%| F|  |TAMS 0x0000000086c00000, 0x0000000086c00000| Untracked 
|  69|0x0000000086d00000, 0x0000000086d00000, 0x0000000086e00000|  0%| F|  |TAMS 0x0000000086d00000, 0x0000000086d00000| Untracked 
|  70|0x0000000086e00000, 0x0000000086e00000, 0x0000000086f00000|  0%| F|  |TAMS 0x0000000086e00000, 0x0000000086e00000| Untracked 
|  71|0x0000000086f00000, 0x0000000086f00000, 0x0000000087000000|  0%| F|  |TAMS 0x0000000086f00000, 0x0000000086f00000| Untracked 
|  72|0x0000000087000000, 0x0000000087000000, 0x0000000087100000|  0%| F|  |TAMS 0x0000000087000000, 0x0000000087000000| Untracked 
|  73|0x0000000087100000, 0x0000000087100000, 0x0000000087200000|  0%| F|  |TAMS 0x0000000087100000, 0x0000000087100000| Untracked 
|  74|0x0000000087200000, 0x0000000087200000, 0x0000000087300000|  0%| F|  |TAMS 0x0000000087200000, 0x0000000087200000| Untracked 
|  75|0x0000000087300000, 0x0000000087300000, 0x0000000087400000|  0%| F|  |TAMS 0x0000000087300000, 0x0000000087300000| Untracked 
|  76|0x0000000087400000, 0x0000000087400000, 0x0000000087500000|  0%| F|  |TAMS 0x0000000087400000, 0x0000000087400000| Untracked 
|  77|0x0000000087500000, 0x0000000087500000, 0x0000000087600000|  0%| F|  |TAMS 0x0000000087500000, 0x0000000087500000| Untracked 
|  78|0x0000000087600000, 0x0000000087600000, 0x0000000087700000|  0%| F|  |TAMS 0x0000000087600000, 0x0000000087600000| Untracked 
|  79|0x0000000087700000, 0x0000000087700000, 0x0000000087800000|  0%| F|  |TAMS 0x0000000087700000, 0x0000000087700000| Untracked 
|  80|0x0000000087800000, 0x0000000087800000, 0x0000000087900000|  0%| F|  |TAMS 0x0000000087800000, 0x0000000087800000| Untracked 
|  81|0x0000000087900000, 0x0000000087900000, 0x0000000087a00000|  0%| F|  |TAMS 0x0000000087900000, 0x0000000087900000| Untracked 
|  82|0x0000000087a00000, 0x0000000087a00000, 0x0000000087b00000|  0%| F|  |TAMS 0x0000000087a00000, 0x0000000087a00000| Untracked 
|  83|0x0000000087b00000, 0x0000000087b00000, 0x0000000087c00000|  0%| F|  |TAMS 0x0000000087b00000, 0x0000000087b00000| Untracked 
|  84|0x0000000087c00000, 0x0000000087c00000, 0x0000000087d00000|  0%| F|  |TAMS 0x0000000087c00000, 0x0000000087c00000| Untracked 
|  85|0x0000000087d00000, 0x0000000087d00000, 0x0000000087e00000|  0%| F|  |TAMS 0x0000000087d00000, 0x0000000087d00000| Untracked 
|  86|0x0000000087e00000, 0x0000000087e00000, 0x0000000087f00000|  0%| F|  |TAMS 0x0000000087e00000, 0x0000000087e00000| Untracked 
|  87|0x0000000087f00000, 0x0000000087f00000, 0x0000000088000000|  0%| F|  |TAMS 0x0000000087f00000, 0x0000000087f00000| Untracked 
|  88|0x0000000088000000, 0x0000000088000000, 0x0000000088100000|  0%| F|  |TAMS 0x0000000088000000, 0x0000000088000000| Untracked 
|  89|0x0000000088100000, 0x0000000088100000, 0x0000000088200000|  0%| F|  |TAMS 0x0000000088100000, 0x0000000088100000| Untracked 
|  90|0x0000000088200000, 0x0000000088200000, 0x0000000088300000|  0%| F|  |TAMS 0x0000000088200000, 0x0000000088200000| Untracked 
|  91|0x0000000088300000, 0x0000000088300000, 0x0000000088400000|  0%| F|  |TAMS 0x0000000088300000, 0x0000000088300000| Untracked 
|  92|0x0000000088400000, 0x0000000088400000, 0x0000000088500000|  0%| F|  |TAMS 0x0000000088400000, 0x0000000088400000| Untracked 
|  93|0x0000000088500000, 0x0000000088500000, 0x0000000088600000|  0%| F|  |TAMS 0x0000000088500000, 0x0000000088500000| Untracked 
|  94|0x0000000088600000, 0x0000000088600000, 0x0000000088700000|  0%| F|  |TAMS 0x0000000088600000, 0x0000000088600000| Untracked 
|  95|0x0000000088700000, 0x0000000088700000, 0x0000000088800000|  0%| F|  |TAMS 0x0000000088700000, 0x0000000088700000| Untracked 
|  96|0x0000000088800000, 0x0000000088800000, 0x0000000088900000|  0%| F|  |TAMS 0x0000000088800000, 0x0000000088800000| Untracked 
|  97|0x0000000088900000, 0x0000000088900000, 0x0000000088a00000|  0%| F|  |TAMS 0x0000000088900000, 0x0000000088900000| Untracked 
|  98|0x0000000088a00000, 0x0000000088a00000, 0x0000000088b00000|  0%| F|  |TAMS 0x0000000088a00000, 0x0000000088a00000| Untracked 
|  99|0x0000000088b00000, 0x0000000088c00000, 0x0000000088c00000|100%| S|CS|TAMS 0x0000000088b00000, 0x0000000088b00000| Complete 
| 100|0x0000000088c00000, 0x0000000088d00000, 0x0000000088d00000|100%| S|CS|TAMS 0x0000000088c00000, 0x0000000088c00000| Complete 
| 101|0x0000000088d00000, 0x0000000088e00000, 0x0000000088e00000|100%| S|CS|TAMS 0x0000000088d00000, 0x0000000088d00000| Complete 
| 102|0x0000000088e00000, 0x0000000088e00000, 0x0000000088f00000|  0%| F|  |TAMS 0x0000000088e00000, 0x0000000088e00000| Untracked 
| 103|0x0000000088f00000, 0x0000000088f00000, 0x0000000089000000|  0%| F|  |TAMS 0x0000000088f00000, 0x0000000088f00000| Untracked 
| 104|0x0000000089000000, 0x0000000089000000, 0x0000000089100000|  0%| F|  |TAMS 0x0000000089000000, 0x0000000089000000| Untracked 
| 105|0x0000000089100000, 0x0000000089100000, 0x0000000089200000|  0%| F|  |TAMS 0x0000000089100000, 0x0000000089100000| Untracked 
| 106|0x0000000089200000, 0x0000000089200000, 0x0000000089300000|  0%| F|  |TAMS 0x0000000089200000, 0x0000000089200000| Untracked 
| 107|0x0000000089300000, 0x0000000089300000, 0x0000000089400000|  0%| F|  |TAMS 0x0000000089300000, 0x0000000089300000| Untracked 
| 108|0x0000000089400000, 0x0000000089400000, 0x0000000089500000|  0%| F|  |TAMS 0x0000000089400000, 0x0000000089400000| Untracked 
| 109|0x0000000089500000, 0x0000000089500000, 0x0000000089600000|  0%| F|  |TAMS 0x0000000089500000, 0x0000000089500000| Untracked 
| 110|0x0000000089600000, 0x0000000089600000, 0x0000000089700000|  0%| F|  |TAMS 0x0000000089600000, 0x0000000089600000| Untracked 
| 111|0x0000000089700000, 0x0000000089800000, 0x0000000089800000|100%| E|  |TAMS 0x0000000089700000, 0x0000000089700000| Complete 
| 112|0x0000000089800000, 0x0000000089900000, 0x0000000089900000|100%| E|CS|TAMS 0x0000000089800000, 0x0000000089800000| Complete 
| 113|0x0000000089900000, 0x0000000089a00000, 0x0000000089a00000|100%| E|CS|TAMS 0x0000000089900000, 0x0000000089900000| Complete 
| 114|0x0000000089a00000, 0x0000000089b00000, 0x0000000089b00000|100%| E|CS|TAMS 0x0000000089a00000, 0x0000000089a00000| Complete 
| 115|0x0000000089b00000, 0x0000000089c00000, 0x0000000089c00000|100%| E|CS|TAMS 0x0000000089b00000, 0x0000000089b00000| Complete 
| 116|0x0000000089c00000, 0x0000000089d00000, 0x0000000089d00000|100%| E|CS|TAMS 0x0000000089c00000, 0x0000000089c00000| Complete 
| 117|0x0000000089d00000, 0x0000000089e00000, 0x0000000089e00000|100%| E|CS|TAMS 0x0000000089d00000, 0x0000000089d00000| Complete 
| 118|0x0000000089e00000, 0x0000000089f00000, 0x0000000089f00000|100%| E|CS|TAMS 0x0000000089e00000, 0x0000000089e00000| Complete 
| 119|0x0000000089f00000, 0x000000008a000000, 0x000000008a000000|100%| E|CS|TAMS 0x0000000089f00000, 0x0000000089f00000| Complete 
| 120|0x000000008a000000, 0x000000008a100000, 0x000000008a100000|100%| E|CS|TAMS 0x000000008a000000, 0x000000008a000000| Complete 
| 121|0x000000008a100000, 0x000000008a200000, 0x000000008a200000|100%| E|CS|TAMS 0x000000008a100000, 0x000000008a100000| Complete 
| 122|0x000000008a200000, 0x000000008a300000, 0x000000008a300000|100%| E|CS|TAMS 0x000000008a200000, 0x000000008a200000| Complete 
| 123|0x000000008a300000, 0x000000008a400000, 0x000000008a400000|100%| E|CS|TAMS 0x000000008a300000, 0x000000008a300000| Complete 
| 124|0x000000008a400000, 0x000000008a500000, 0x000000008a500000|100%| E|CS|TAMS 0x000000008a400000, 0x000000008a400000| Complete 
| 125|0x000000008a500000, 0x000000008a600000, 0x000000008a600000|100%| E|CS|TAMS 0x000000008a500000, 0x000000008a500000| Complete 

Card table byte_map: [0x0000016f49760000,0x0000016f49b50000] _byte_map_base: 0x0000016f4934c000

Marking Bits (Prev, Next): (CMBitMap*) 0x0000016f3464fc28, (CMBitMap*) 0x0000016f3464fc60
 Prev Bits: [0x0000016f49f40000, 0x0000016f4bea0000)
 Next Bits: [0x0000016f4bea0000, 0x0000016f4de00000)

Polling page: 0x0000016f346f0000

Metaspace:

Usage:
  Non-class:     12.43 MB capacity,    12.21 MB ( 98%) used,   198.36 KB (  2%) free+waste,    20.06 KB ( <1%) overhead. 
      Class:      1.70 MB capacity,     1.59 MB ( 94%) used,   101.31 KB (  6%) free+waste,    10.00 KB ( <1%) overhead. 
       Both:     14.13 MB capacity,    13.80 MB ( 98%) used,   299.67 KB (  2%) free+waste,    30.06 KB ( <1%) overhead. 

Virtual space:
  Non-class space:       16.00 MB reserved,      12.50 MB ( 78%) committed 
      Class space:        1.00 GB reserved,       1.75 MB ( <1%) committed 
             Both:        1.02 GB reserved,      14.25 MB (  1%) committed 

Chunk freelists:
   Non-Class:  10.00 KB
       Class:  21.00 KB
        Both:  31.00 KB

MaxMetaspaceSize: 17179869184.00 GB
CompressedClassSpaceSize: 1.00 GB
Initial GC threshold: 20.80 MB
Current GC threshold: 20.80 MB
CDS: off

CodeHeap 'non-profiled nmethods': size=120000Kb used=428Kb max_used=428Kb free=119571Kb
 bounds [0x0000016f413c0000, 0x0000016f41630000, 0x0000016f488f0000]
CodeHeap 'profiled nmethods': size=120000Kb used=2205Kb max_used=2205Kb free=117795Kb
 bounds [0x0000016f39e90000, 0x0000016f3a100000, 0x0000016f413c0000]
CodeHeap 'non-nmethods': size=5760Kb used=1144Kb max_used=1158Kb free=4615Kb
 bounds [0x0000016f398f0000, 0x0000016f39b60000, 0x0000016f39e90000]
 total_blobs=1563 nmethods=1167 adapters=309
 compilation: enabled
              stopped_count=0, restarted_count=0
 full_count=0

Compilation events (20 events):
Event: 7.271 Thread 0x0000016f51270800 1156  s    3       sun.nio.fs.WindowsDirectoryStream$WindowsDirectoryIterator::next (48 bytes)
Event: 7.272 Thread 0x0000016f51270800 nmethod 1156 0x0000016f3a0b2910 code [0x0000016f3a0b2b00, 0x0000016f3a0b2f58]
Event: 7.272 Thread 0x0000016f51270800 1154       1       java.util.concurrent.atomic.AtomicLong::get (5 bytes)
Event: 7.272 Thread 0x0000016f51270800 nmethod 1154 0x0000016f4142a510 code [0x0000016f4142a6c0, 0x0000016f4142a778]
Event: 7.275 Thread 0x0000016f5126f800 nmethod 1157 0x0000016f4142ac90 code [0x0000016f4142ae20, 0x0000016f4142b018]
Event: 7.275 Thread 0x0000016f5126f800 1159 %     4       sun.security.provider.SHA::implCompress0 @ 3 (482 bytes)
Event: 7.276 Thread 0x0000016f51270800 1160   !   3       sun.nio.fs.WindowsDirectoryStream$WindowsDirectoryIterator::acceptEntry (71 bytes)
Event: 7.277 Thread 0x0000016f51270800 nmethod 1160 0x0000016f3a0b3090 code [0x0000016f3a0b3320, 0x0000016f3a0b3d28]
Event: 7.281 Thread 0x0000016f51270800 1161       3       java.util.concurrent.atomic.AtomicLong::compareAndSet (13 bytes)
Event: 7.281 Thread 0x0000016f51270800 nmethod 1161 0x0000016f3a0b4210 code [0x0000016f3a0b43c0, 0x0000016f3a0b44d8]
Event: 7.282 Thread 0x0000016f51270800 1162       3       java.util.Random::nextBoolean (14 bytes)
Event: 7.282 Thread 0x0000016f51270800 nmethod 1162 0x0000016f3a0b4590 code [0x0000016f3a0b4740, 0x0000016f3a0b4948]
Event: 7.283 Thread 0x0000016f51270800 1164       3       sun.security.provider.SHA::implCompress (13 bytes)
Event: 7.283 Thread 0x0000016f51270800 nmethod 1164 0x0000016f3a0b4a10 code [0x0000016f3a0b4c00, 0x0000016f3a0b4f28]
Event: 7.283 Thread 0x0000016f51270800 1163       3       java.util.Random::next (47 bytes)
Event: 7.284 Thread 0x0000016f51270800 nmethod 1163 0x0000016f3a0b5090 code [0x0000016f3a0b5260, 0x0000016f3a0b54f8]
Event: 7.284 Thread 0x0000016f51270800 1165       3       sun.security.provider.SHA::implCompressCheck (15 bytes)
Event: 7.284 Thread 0x0000016f51270800 nmethod 1165 0x0000016f3a0b5610 code [0x0000016f3a0b57e0, 0x0000016f3a0b5a78]
Event: 7.284 Thread 0x0000016f51270800 1166       3       sun.security.provider.ByteArrayAccess::b2iBig64 (614 bytes)
Event: 7.286 Thread 0x0000016f51270800 nmethod 1166 0x0000016f3a0b5b90 code [0x0000016f3a0b5e00, 0x0000016f3a0b6b88]

GC Heap History (2 events):
Event: 5.234 GC heap before
{Heap before GC invocations=0 (full 0):
 garbage-first heap   total 129024K, used 29696K [0x0000000082800000, 0x0000000100000000)
  region size 1024K, 24 young (24576K), 0 survivors (0K)
 Metaspace       used 10744K, capacity 10951K, committed 11264K, reserved 1058816K
  class space    used 1107K, capacity 1200K, committed 1280K, reserved 1048576K
}
Event: 5.259 GC heap after
{Heap after GC invocations=1 (full 0):
 garbage-first heap   total 129024K, used 9353K [0x0000000082800000, 0x0000000100000000)
  region size 1024K, 3 young (3072K), 3 survivors (3072K)
 Metaspace       used 10744K, capacity 10951K, committed 11264K, reserved 1058816K
  class space    used 1107K, capacity 1200K, committed 1280K, reserved 1048576K
}

Deoptimization events (20 events):
Event: 7.208 Thread 0x0000016f34610800 Uncommon trap: trap_request=0xffffff4d fr.pc=0x0000016f413e25e8 relative=0x00000000000003a8
Event: 7.208 Thread 0x0000016f34610800 Uncommon trap: reason=unstable_if action=reinterpret pc=0x0000016f413e25e8 method=java.lang.StringUTF16.compress([CII)[B @ 13 c2
Event: 7.208 Thread 0x0000016f34610800 DEOPT PACKING pc=0x0000016f413e25e8 sp=0x0000002b0a4fa660
Event: 7.208 Thread 0x0000016f34610800 DEOPT UNPACKING pc=0x0000016f3993a1af sp=0x0000002b0a4fa5a0 mode 2
Event: 7.208 Thread 0x0000016f34610800 Uncommon trap: trap_request=0xffffff4d fr.pc=0x0000016f413ea128 relative=0x0000000000000188
Event: 7.208 Thread 0x0000016f34610800 Uncommon trap: reason=unstable_if action=reinterpret pc=0x0000016f413ea128 method=java.lang.String.equals(Ljava/lang/Object;)Z @ 27 c2
Event: 7.208 Thread 0x0000016f34610800 DEOPT PACKING pc=0x0000016f413ea128 sp=0x0000002b0a4fa710
Event: 7.208 Thread 0x0000016f34610800 DEOPT UNPACKING pc=0x0000016f3993a1af sp=0x0000002b0a4fa6b0 mode 2
Event: 7.208 Thread 0x0000016f34610800 Uncommon trap: trap_request=0xffffff4d fr.pc=0x0000016f413f1e44 relative=0x0000000000000484
Event: 7.208 Thread 0x0000016f34610800 Uncommon trap: reason=unstable_if action=reinterpret pc=0x0000016f413f1e44 method=java.lang.AbstractStringBuilder.putStringAt(ILjava/lang/String;)V @ 8 c2
Event: 7.208 Thread 0x0000016f34610800 DEOPT PACKING pc=0x0000016f413f1e44 sp=0x0000002b0a4fa6b0
Event: 7.208 Thread 0x0000016f34610800 DEOPT UNPACKING pc=0x0000016f3993a1af sp=0x0000002b0a4fa5b8 mode 2
Event: 7.208 Thread 0x0000016f34610800 Uncommon trap: trap_request=0xffffff4d fr.pc=0x0000016f413fa198 relative=0x0000000000000458
Event: 7.208 Thread 0x0000016f34610800 Uncommon trap: reason=unstable_if action=reinterpret pc=0x0000016f413fa198 method=java.lang.String.substring(II)Ljava/lang/String; @ 31 c2
Event: 7.208 Thread 0x0000016f34610800 DEOPT PACKING pc=0x0000016f413fa198 sp=0x0000002b0a4fa440
Event: 7.208 Thread 0x0000016f34610800 DEOPT UNPACKING pc=0x0000016f3993a1af sp=0x0000002b0a4fa3f8 mode 2
Event: 7.208 Thread 0x0000016f34610800 Uncommon trap: trap_request=0xffffff4d fr.pc=0x0000016f414002f4 relative=0x00000000000001d4
Event: 7.208 Thread 0x0000016f34610800 Uncommon trap: reason=unstable_if action=reinterpret pc=0x0000016f414002f4 method=java.lang.String.lastIndexOf(II)I @ 4 c2
Event: 7.208 Thread 0x0000016f34610800 DEOPT PACKING pc=0x0000016f414002f4 sp=0x0000002b0a4fa830
Event: 7.208 Thread 0x0000016f34610800 DEOPT UNPACKING pc=0x0000016f3993a1af sp=0x0000002b0a4fa760 mode 2

Classes redefined (0 events):
No events

Internal exceptions (11 events):
Event: 1.259 Thread 0x0000016f34610800 Exception <a 'java/lang/NoSuchMethodError'{0x000000008a49db48}: 'int java.lang.invoke.DirectMethodHandle$Holder.invokeSpecialIFC(java.lang.Object, java.lang.Object, int)'> (0x000000008a49db48) thrown at [./src/hotspot/share/interpreter/linkResolver.cpp, line 773]
Event: 1.636 Thread 0x0000016f34610800 Exception <a 'java/lang/NoSuchMethodError'{0x000000008a26f1d8}: 'int java.lang.invoke.DirectMethodHandle$Holder.invokeStaticInit(java.lang.Object, java.lang.Object)'> (0x000000008a26f1d8) thrown at [./src/hotspot/share/interpreter/linkResolver.cpp, line 773]
Event: 1.974 Thread 0x0000016f34610800 Exception <a 'java/lang/NoSuchMethodError'{0x000000008a140678}: 'int java.lang.invoke.DirectMethodHandle$Holder.invokeSpecial(java.lang.Object, java.lang.Object, java.lang.Object, java.lang.Object)'> (0x000000008a140678) thrown at [./src/hotspot/share/interpreter/linkResolver.cpp, line 773]
Event: 5.079 Thread 0x0000016f34610800 Implicit null exception at 0x0000016f413ff7f5 to 0x0000016f413ff9c4
Event: 5.177 Thread 0x0000016f34610800 Exception <a 'java/lang/NoClassDefFoundError'{0x0000000088e0ec28}: org/slf4j/impl/StaticMarkerBinder> (0x0000000088e0ec28) thrown at [./src/hotspot/share/classfile/systemDictionary.cpp, line 220]
Event: 5.273 Thread 0x0000016f34610800 Exception <a 'java/lang/NoSuchMethodError'{0x000000008a5004c8}: 'java.lang.Object java.lang.invoke.DirectMethodHandle$Holder.invokeVirtual(java.lang.Object, java.lang.Object, java.lang.Object, java.lang.Object, java.lang.Object, java.lang.Object, java.lang.Object)'> (0x000000008a5004c8) thrown at [./src/hotspot/share/interpreter/linkResolver.cpp, line 773]
Event: 5.282 Thread 0x0000016f34610800 Exception <a 'java/lang/NoSuchMethodError'{0x000000008a5142c0}: 'java.lang.Object java.lang.invoke.Invokers$Holder.invoker(java.lang.Object, java.lang.Object, java.lang.Object)'> (0x000000008a5142c0) thrown at [./src/hotspot/share/interpreter/linkResolver.cpp, line 773]
Event: 5.294 Thread 0x0000016f34610800 Exception <a 'java/lang/NoSuchMethodError'{0x000000008a525000}: 'void java.lang.invoke.DelegatingMethodHandle$Holder.delegate(java.lang.Object, java.lang.Object, int, java.lang.Object)'> (0x000000008a525000) thrown at [./src/hotspot/share/interpreter/linkResolver.cpp, line 773]
Event: 5.892 Thread 0x0000016f34610800 Exception <a 'java/lang/NoSuchMethodError'{0x0000000089f7c720}: 'java.lang.Object java.lang.invoke.DirectMethodHandle$Holder.invokeInterface(java.lang.Object, java.lang.Object, java.lang.Object)'> (0x0000000089f7c720) thrown at [./src/hotspot/share/interpreter/linkResolver.cpp, line 773]
Event: 6.166 Thread 0x0000016f34610800 Exception <a 'java/lang/NoSuchMethodError'{0x0000000089c0c288}: 'java.lang.Object java.lang.invoke.DirectMethodHandle$Holder.invokeStaticInit(java.lang.Object, java.lang.Object, java.lang.Object)'> (0x0000000089c0c288) thrown at [./src/hotspot/share/interpreter/linkResolver.cpp, line 773]
Event: 6.642 Thread 0x0000016f34610800 Exception <a 'java/lang/NoSuchMethodError'{0x00000000898d4910}: 'java.lang.Object java.lang.invoke.DirectMethodHandle$Holder.invokeStaticInit(java.lang.Object, int, int, int, int)'> (0x00000000898d4910) thrown at [./src/hotspot/share/interpreter/linkResolver.cpp, line 773]

Events (20 events):
Event: 7.159 loading class java/net/NetworkInterface$2
Event: 7.159 loading class java/net/NetworkInterface$2 done
Event: 7.191 loading class java/nio/file/Files$AcceptAllFilter
Event: 7.192 loading class java/nio/file/DirectoryStream$Filter
Event: 7.192 loading class java/nio/file/DirectoryStream$Filter done
Event: 7.192 loading class java/nio/file/Files$AcceptAllFilter done
Event: 7.192 loading class sun/nio/fs/WindowsDirectoryStream
Event: 7.192 loading class java/nio/file/DirectoryStream
Event: 7.192 loading class java/nio/file/DirectoryStream done
Event: 7.192 loading class sun/nio/fs/WindowsDirectoryStream done
Event: 7.195 loading class sun/nio/fs/WindowsDirectoryStream$WindowsDirectoryIterator
Event: 7.195 loading class sun/nio/fs/WindowsDirectoryStream$WindowsDirectoryIterator done
Event: 7.195 loading class sun/nio/fs/WindowsPath$WindowsPathWithAttributes
Event: 7.195 loading class sun/nio/fs/BasicFileAttributesHolder
Event: 7.196 loading class sun/nio/fs/BasicFileAttributesHolder done
Event: 7.196 loading class sun/nio/fs/WindowsPath$WindowsPathWithAttributes done
Event: 7.196 Executing VM operation: Deoptimize
Event: 7.196 Executing VM operation: Deoptimize done
Event: 7.208 loading class sun/nio/cs/StringUTF16
Event: 7.209 loading class sun/nio/cs/StringUTF16 done


Dynamic libraries:
0x00007ff7e4660000 - 0x00007ff7e466a000 	C:\Program Files\Android\Android Studio\jre\bin\java.exe
0x00007ffa68000000 - 0x00007ffa68209000 	C:\WINDOWS\SYSTEM32\ntdll.dll
0x00007ffa66e00000 - 0x00007ffa66ebd000 	C:\WINDOWS\System32\KERNEL32.DLL
0x00007ffa658f0000 - 0x00007ffa65c6c000 	C:\WINDOWS\System32\KERNELBASE.dll
0x00007ffa65580000 - 0x00007ffa65691000 	C:\WINDOWS\System32\ucrtbase.dll
0x00007ffa5f0b0000 - 0x00007ffa5f0c9000 	C:\Program Files\Android\Android Studio\jre\bin\jli.dll
0x00007ffa677a0000 - 0x00007ffa6794d000 	C:\WINDOWS\System32\USER32.dll
0x00007ffa65c70000 - 0x00007ffa65c96000 	C:\WINDOWS\System32\win32u.dll
0x00007ffa66220000 - 0x00007ffa66249000 	C:\WINDOWS\System32\GDI32.dll
0x00007ffa656a0000 - 0x00007ffa657b9000 	C:\WINDOWS\System32\gdi32full.dll
0x00007ffa654e0000 - 0x00007ffa6557d000 	C:\WINDOWS\System32\msvcp_win.dll
0x00007ffa4c710000 - 0x00007ffa4c9b5000 	C:\WINDOWS\WinSxS\amd64_microsoft.windows.common-controls_6595b64144ccf1df_6.0.22000.120_none_9d947278b86cc467\COMCTL32.dll
0x00007ffa58090000 - 0x00007ffa580a7000 	C:\Program Files\Android\Android Studio\jre\bin\VCRUNTIME140.dll
0x00007ffa66c60000 - 0x00007ffa66d03000 	C:\WINDOWS\System32\msvcrt.dll
0x00007ffa67360000 - 0x00007ffa67391000 	C:\WINDOWS\System32\IMM32.DLL
0x00007ffa0e160000 - 0x00007ffa0e1fd000 	C:\Program Files\Android\Android Studio\jre\bin\msvcp140.dll
0x00007ffa05b00000 - 0x00007ffa065e5000 	C:\Program Files\Android\Android Studio\jre\bin\server\jvm.dll
0x00007ffa66a10000 - 0x00007ffa66abe000 	C:\WINDOWS\System32\ADVAPI32.dll
0x00007ffa67570000 - 0x00007ffa6760e000 	C:\WINDOWS\System32\sechost.dll
0x00007ffa66ec0000 - 0x00007ffa66fe0000 	C:\WINDOWS\System32\RPCRT4.dll
0x00007ffa67fb0000 - 0x00007ffa67fb8000 	C:\WINDOWS\System32\PSAPI.DLL
0x00007ffa4c9c0000 - 0x00007ffa4c9c9000 	C:\WINDOWS\SYSTEM32\WSOCK32.dll
0x00007ffa60c30000 - 0x00007ffa60c63000 	C:\WINDOWS\SYSTEM32\WINMM.dll
0x00007ffa602f0000 - 0x00007ffa602fa000 	C:\WINDOWS\SYSTEM32\VERSION.dll
0x00007ffa67610000 - 0x00007ffa6767f000 	C:\WINDOWS\System32\WS2_32.dll
0x00007ffa645d0000 - 0x00007ffa645e8000 	C:\WINDOWS\SYSTEM32\kernel.appcore.dll
0x00007ffa58070000 - 0x00007ffa58081000 	C:\Program Files\Android\Android Studio\jre\bin\verify.dll
0x00007ffa626f0000 - 0x00007ffa62911000 	C:\WINDOWS\SYSTEM32\DBGHELP.DLL
0x00007ffa5fb80000 - 0x00007ffa5fbb1000 	C:\WINDOWS\SYSTEM32\dbgcore.DLL
0x00007ffa65ca0000 - 0x00007ffa65d1f000 	C:\WINDOWS\System32\bcryptPrimitives.dll
0x00007ffa58040000 - 0x00007ffa58069000 	C:\Program Files\Android\Android Studio\jre\bin\java.dll
0x00007ffa5a450000 - 0x00007ffa5a45b000 	C:\Program Files\Android\Android Studio\jre\bin\jimage.dll
0x00007ffa54ed0000 - 0x00007ffa54ee8000 	C:\Program Files\Android\Android Studio\jre\bin\zip.dll
0x00007ffa66250000 - 0x00007ffa66a08000 	C:\WINDOWS\System32\SHELL32.dll
0x00007ffa63640000 - 0x00007ffa63ea8000 	C:\WINDOWS\SYSTEM32\windows.storage.dll
0x00007ffa65ea0000 - 0x00007ffa66219000 	C:\WINDOWS\System32\combase.dll
0x00007ffa634d0000 - 0x00007ffa63636000 	C:\WINDOWS\SYSTEM32\wintypes.dll
0x00007ffa67a50000 - 0x00007ffa67b3a000 	C:\WINDOWS\System32\SHCORE.dll
0x00007ffa67220000 - 0x00007ffa6727d000 	C:\WINDOWS\System32\shlwapi.dll
0x00007ffa65410000 - 0x00007ffa65431000 	C:\WINDOWS\SYSTEM32\profapi.dll
0x00007ffa50c20000 - 0x00007ffa50c3a000 	C:\Program Files\Android\Android Studio\jre\bin\net.dll
0x00007ffa60b20000 - 0x00007ffa60c2c000 	C:\WINDOWS\SYSTEM32\WINHTTP.dll
0x00007ffa64a00000 - 0x00007ffa64a67000 	C:\WINDOWS\system32\mswsock.dll
0x00007ffa423f0000 - 0x00007ffa42404000 	C:\Program Files\Android\Android Studio\jre\bin\nio.dll
0x00007ffa423c0000 - 0x00007ffa423e7000 	C:\Users\TUSHAR JAIN\.gradle\native\e1d6ef7f7dcc3fd88c89a11ec53ec762bb8ba0a96d01ffa2cd45eb1d1d8dd5c5\windows-amd64\native-platform.dll
0x00007ffa58030000 - 0x00007ffa5803a000 	C:\Program Files\Android\Android Studio\jre\bin\management.dll
0x00007ffa42060000 - 0x00007ffa4206d000 	C:\Program Files\Android\Android Studio\jre\bin\management_ext.dll
0x00007ffa64c40000 - 0x00007ffa64c58000 	C:\WINDOWS\SYSTEM32\CRYPTSP.dll
0x00007ffa64530000 - 0x00007ffa64565000 	C:\WINDOWS\system32\rsaenh.dll
0x00007ffa64af0000 - 0x00007ffa64b19000 	C:\WINDOWS\SYSTEM32\USERENV.dll
0x00007ffa64dd0000 - 0x00007ffa64df7000 	C:\WINDOWS\SYSTEM32\bcrypt.dll
0x00007ffa64c60000 - 0x00007ffa64c6c000 	C:\WINDOWS\SYSTEM32\CRYPTBASE.dll
0x00007ffa64100000 - 0x00007ffa6412d000 	C:\WINDOWS\SYSTEM32\IPHLPAPI.DLL
0x00007ffa672a0000 - 0x00007ffa672a9000 	C:\WINDOWS\System32\NSI.dll
0x00007ffa60820000 - 0x00007ffa60839000 	C:\WINDOWS\SYSTEM32\dhcpcsvc6.DLL
0x00007ffa61050000 - 0x00007ffa6106e000 	C:\WINDOWS\SYSTEM32\dhcpcsvc.DLL
0x00007ffa64130000 - 0x00007ffa64218000 	C:\WINDOWS\SYSTEM32\DNSAPI.dll

dbghelp: loaded successfully - version: 4.0.5 - missing functions: none
symbol engine: initialized successfully - sym options: 0x614 - pdb path: .;C:\Program Files\Android\Android Studio\jre\bin;C:\WINDOWS\SYSTEM32;C:\WINDOWS\WinSxS\amd64_microsoft.windows.common-controls_6595b64144ccf1df_6.0.22000.120_none_9d947278b86cc467;C:\Program Files\Android\Android Studio\jre\bin\server;C:\Users\TUSHAR JAIN\.gradle\native\e1d6ef7f7dcc3fd88c89a11ec53ec762bb8ba0a96d01ffa2cd45eb1d1d8dd5c5\windows-amd64

VM Arguments:
jvm_args: -Dorg.gradle.appname=gradlew 
java_command: org.gradle.wrapper.GradleWrapperMain -q -Ptarget-platform=android-x86 -Ptarget=C:\Users\TUSHAR JAIN\notes\lib\main.dart -Pbase-application-name=android.app.Application -Pdart-defines=RkxVVFRFUl9XRUJfQVVUT19ERVRFQ1Q9dHJ1ZQ== -Pdart-obfuscation=false -Ptrack-widget-creation=true -Ptree-shake-icons=false -Pfilesystem-scheme=org-dartlang-root assembleDebug
java_class_path (initial): C:\Users\TUSHAR JAIN\notes\android\\gradle\wrapper\gradle-wrapper.jar
Launcher Type: SUN_STANDARD

[Global flags]
     intx CICompilerCount                          = 4                                         {product} {ergonomic}
     uint ConcGCThreads                            = 2                                         {product} {ergonomic}
     uint G1ConcRefinementThreads                  = 8                                         {product} {ergonomic}
   size_t G1HeapRegionSize                         = 1048576                                   {product} {ergonomic}
    uintx GCDrainStackTargetSize                   = 64                                        {product} {ergonomic}
   size_t InitialHeapSize                          = 132120576                                 {product} {ergonomic}
   size_t MarkStackSize                            = 4194304                                   {product} {ergonomic}
   size_t MaxHeapSize                              = 2105540608                                {product} {ergonomic}
   size_t MaxNewSize                               = 1262485504                                {product} {ergonomic}
   size_t MinHeapDeltaBytes                        = 1048576                                   {product} {ergonomic}
    uintx NonNMethodCodeHeapSize                   = 5836300                                {pd product} {ergonomic}
    uintx NonProfiledCodeHeapSize                  = 122910970                              {pd product} {ergonomic}
    uintx ProfiledCodeHeapSize                     = 122910970                              {pd product} {ergonomic}
    uintx ReservedCodeCacheSize                    = 251658240                              {pd product} {ergonomic}
     bool SegmentedCodeCache                       = true                                      {product} {ergonomic}
     bool UseCompressedClassPointers               = true                                 {lp64_product} {ergonomic}
     bool UseCompressedOops                        = true                                 {lp64_product} {ergonomic}
     bool UseG1GC                                  = true                                      {product} {ergonomic}
     bool UseLargePagesIndividualAllocation        = false                                  {pd product} {ergonomic}

Logging:
Log output configuration:
 #0: stdout all=warning uptime,level,tags
 #1: stderr all=off uptime,level,tags

Environment Variables:
JAVA_HOME=C:\Program Files\Android\Android Studio\jre
CLASSPATH=C:\Users\TUSHAR JAIN\notes\android\\gradle\wrapper\gradle-wrapper.jar
PATH=C:\Program Files\Microsoft\jdk-11.0.12.7-hotspot\bin;C:\Windows\system32;C:\Windows;C:\Windows\System32\Wbem;C:\Windows\System32\WindowsPowerShell\v1.0\;C:\Windows\System32\OpenSSH\;C:\Program Files (x86)\NVIDIA Corporation\PhysX\Common;C:\Program Files\NVIDIA Corporation\NVIDIA NvDLISR;C:\WINDOWS\system32;C:\WINDOWS;C:\WINDOWS\System32\Wbem;C:\WINDOWS\System32\WindowsPowerShell\v1.0\;C:\WINDOWS\System32\OpenSSH\;C:\MinGW\bin;C:\Program Files\Git\cmd;C:\MinGW\bin;C:\Program Files\dotnet\;C:\Program Files\platform-tools;C:\Users\TUSHAR JAIN\homebrew\;C:\Program Files\nodejs\;C:\Users\TUSHAR JAIN\AppData\Local\Pub\Cache\bin;C:\Users\TUSHAR JAIN\AppData\Local\Microsoft\WindowsApps;C:\Program Files (x86)\Brackets\;C:\src\flutter\bin;C:\Users\TUSHAR JAIN\AppData\Local\Programs\Microsoft VS Code\bin;C:\Users\TUSHAR JAIN\.dotnet\tools;C:\Users\TUSHAR JAIN\AppData\Roaming\npm;C:\src\flutter\bin\mingit\cmd
USERNAME=TUSHAR JAIN
OS=Windows_NT
PROCESSOR_IDENTIFIER=Intel64 Family 6 Model 142 Stepping 12, GenuineIntel



---------------  S Y S T E M  ---------------

OS: Windows 10 , 64 bit Build 22000 (10.0.22000.708)
OS uptime: 5 days 11:14 hours

CPU:total 8 (initial active 8) (4 cores per cpu, 2 threads per core) family 6 model 142 stepping 12 microcode 0xf0, cmov, cx8, fxsr, mmx, sse, sse2, sse3, ssse3, sse4.1, sse4.2, popcnt, avx, avx2, aes, clmul, erms, 3dnowpref, lzcnt, ht, tsc, tscinvbit, bmi1, bmi2, adx, fma

Memory: 4k page, system-wide physical 8025M (69M free)
TotalPageFile size 32601M (AvailPageFile size 0M)
current process WorkingSet (physical memory assigned to process): 97M, peak: 97M
current process commit charge ("private bytes"): 226M, peak: 226M

vm_info: OpenJDK 64-Bit Server VM (11.0.12+7-b1504.28-7817840) for windows-amd64 JRE (11.0.12+7-b1504.28-7817840), built on Oct 13 2021 22:12:33 by "builder" with MS VC++ 14.0 (VS2015)

END.
